This is pdfTeX, Version 3.141592653-2.6-1.40.22 (TeX Live 2022/dev/Debian) (preloaded format=pdflatex 2023.3.3)  3 MAR 2023 15:12
entering extended mode
 restricted \write18 enabled.
 file:line:error style messages enabled.
 %&-line parsing enabled.
**/home/berto/Desktop/relatorio-estagio-licenciatura/main
(/home/berto/Desktop/relatorio-estagio-licenciatura/main.tex
LaTeX2e <2021-11-15> patch level 1
L3 programming layer <2022-01-21> (/usr/share/texlive/texmf-dist/tex/latex/base/book.cls
Document Class: book 2021/10/04 v1.4n Standard LaTeX document class
(/usr/share/texlive/texmf-dist/tex/latex/base/bk12.clo
File: bk12.clo 2021/10/04 v1.4n Standard LaTeX file (size option)
)
\c@part=\count185
\c@chapter=\count186
\c@section=\count187
\c@subsection=\count188
\c@subsubsection=\count189
\c@paragraph=\count190
\c@subparagraph=\count191
\c@figure=\count192
\c@table=\count193
\abovecaptionskip=\skip47
\belowcaptionskip=\skip48
\bibindent=\dimen138
) (./lesi/lesi.sty (/usr/share/texlive/texmf-dist/tex/latex/base/inputenc.sty
Package: inputenc 2021/02/14 v1.3d Input encoding file
\inpenc@prehook=\toks16
\inpenc@posthook=\toks17
) (/usr/share/texlive/texmf-dist/tex/latex/base/fontenc.sty
Package: fontenc 2021/04/29 v2.0v Standard LaTeX package
) (/usr/share/texlive/texmf-dist/tex/latex/graphics/graphicx.sty
Package: graphicx 2021/09/16 v1.2d Enhanced LaTeX Graphics (DPC,SPQR)
 (/usr/share/texlive/texmf-dist/tex/latex/graphics/keyval.sty
Package: keyval 2014/10/28 v1.15 key=value parser (DPC)
\KV@toks@=\toks18
) (/usr/share/texlive/texmf-dist/tex/latex/graphics/graphics.sty
Package: graphics 2021/03/04 v1.4d Standard LaTeX Graphics (DPC,SPQR)
 (/usr/share/texlive/texmf-dist/tex/latex/graphics/trig.sty
Package: trig 2021/08/11 v1.11 sin cos tan (DPC)
) (/usr/share/texlive/texmf-dist/tex/latex/graphics-cfg/graphics.cfg
File: graphics.cfg 2016/06/04 v1.11 sample graphics configuration
)
Package graphics Info: Driver file: pdftex.def on input line 107.
 (/usr/share/texlive/texmf-dist/tex/latex/graphics-def/pdftex.def
File: pdftex.def 2020/10/05 v1.2a Graphics/color driver for pdftex
))
\Gin@req@height=\dimen139
\Gin@req@width=\dimen140
) (/usr/share/texlive/texmf-dist/tex/latex/caption/subcaption.sty
Package: subcaption 2020/10/07 v1.3j Sub-captions (AR)
 (/usr/share/texlive/texmf-dist/tex/latex/caption/caption.sty
Package: caption 2020/10/26 v3.5g Customizing captions (AR)
 (/usr/share/texlive/texmf-dist/tex/latex/caption/caption3.sty
Package: caption3 2020/10/21 v2.2e caption3 kernel (AR)
\captionmargin=\dimen141
\captionmargin@=\dimen142
\captionwidth=\dimen143
\caption@tempdima=\dimen144
\caption@indent=\dimen145
\caption@parindent=\dimen146
\caption@hangindent=\dimen147
Package caption Info: Standard document class detected.
)
\c@caption@flags=\count194
\c@continuedfloat=\count195
)
\c@subfigure=\count196
\c@subtable=\count197
) (/usr/share/texlive/texmf-dist/tex/latex/tools/array.sty
Package: array 2021/10/04 v2.5f Tabular extension package (FMi)
\col@sep=\dimen148
\ar@mcellbox=\box50
\extrarowheight=\dimen149
\NC@list=\toks19
\extratabsurround=\skip49
\backup@length=\skip50
\ar@cellbox=\box51
) (/usr/share/texlive/texmf-dist/tex/latex/tools/indentfirst.sty
Package: indentfirst 1995/11/23 v1.03 Indent first paragraph (DPC)
) (/usr/share/texlive/texmf-dist/tex/generic/babel/babel.sty
Package: babel 2022/01/26 3.70 The Babel package
\babel@savecnt=\count198
\U@D=\dimen150
\l@unhyphenated=\language87
 (/usr/share/texlive/texmf-dist/tex/generic/babel/txtbabel.def)
\bbl@readstream=\read2
\bbl@dirlevel=\count199
 (/usr/share/texlive/texmf-dist/tex/generic/babel-portuges/portuges.ldf
Language: portuges 2021/07/09 v1.2t Portuguese support from the babel system
Package babel Info: Making " an active character on input line 143.
)) (/usr/share/texlive/texmf-dist/tex/latex/geometry/geometry.sty
Package: geometry 2020/01/02 v5.9 Page Geometry
 (/usr/share/texlive/texmf-dist/tex/generic/iftex/ifvtex.sty
Package: ifvtex 2019/10/25 v1.7 ifvtex legacy package. Use iftex instead.
 (/usr/share/texlive/texmf-dist/tex/generic/iftex/iftex.sty
Package: iftex 2020/03/06 v1.0d TeX engine tests
))
\Gm@cnth=\count266
\Gm@cntv=\count267
\c@Gm@tempcnt=\count268
\Gm@bindingoffset=\dimen151
\Gm@wd@mp=\dimen152
\Gm@odd@mp=\dimen153
\Gm@even@mp=\dimen154
\Gm@layoutwidth=\dimen155
\Gm@layoutheight=\dimen156
\Gm@layouthoffset=\dimen157
\Gm@layoutvoffset=\dimen158
\Gm@dimlist=\toks20
) (/usr/share/texlive/texmf-dist/tex/latex/base/ifthen.sty
Package: ifthen 2020/11/24 v1.1c Standard LaTeX ifthen package (DPC)
) (/usr/share/texlive/texmf-dist/tex/latex/natbib/natbib.sty
Package: natbib 2010/09/13 8.31b (PWD, AO)
\bibhang=\skip51
\bibsep=\skip52
LaTeX Info: Redefining \cite on input line 694.
\c@NAT@ctr=\count269
) (/usr/share/texlive/texmf-dist/tex/latex/url/url.sty
\Urlmuskip=\muskip16
Package: url 2013/09/16  ver 3.4  Verb mode for urls, etc.
) (/usr/share/texlive/texmf-dist/tex/latex/booktabs/booktabs.sty
Package: booktabs 2020/01/12 v1.61803398 Publication quality tables
\heavyrulewidth=\dimen159
\lightrulewidth=\dimen160
\cmidrulewidth=\dimen161
\belowrulesep=\dimen162
\belowbottomsep=\dimen163
\aboverulesep=\dimen164
\abovetopsep=\dimen165
\cmidrulesep=\dimen166
\cmidrulekern=\dimen167
\defaultaddspace=\dimen168
\@cmidla=\count270
\@cmidlb=\count271
\@aboverulesep=\dimen169
\@belowrulesep=\dimen170
\@thisruleclass=\count272
\@lastruleclass=\count273
\@thisrulewidth=\dimen171
) (/usr/share/texlive/texmf-dist/tex/latex/listings/listings.sty
\lst@mode=\count274
\lst@gtempboxa=\box52
\lst@token=\toks21
\lst@length=\count275
\lst@currlwidth=\dimen172
\lst@column=\count276
\lst@pos=\count277
\lst@lostspace=\dimen173
\lst@width=\dimen174
\lst@newlines=\count278
\lst@lineno=\count279
\lst@maxwidth=\dimen175
 (/usr/share/texlive/texmf-dist/tex/latex/listings/lstmisc.sty
File: lstmisc.sty 2020/03/24 1.8d (Carsten Heinz)
\c@lstnumber=\count280
\lst@skipnumbers=\count281
\lst@framebox=\box53
) (/usr/share/texlive/texmf-dist/tex/latex/listings/listings.cfg
File: listings.cfg 2020/03/24 1.8d listings configuration
))
Package: listings 2020/03/24 1.8d (Carsten Heinz)
 (/usr/share/texlive/texmf-dist/tex/latex/hyperref/hyperref.sty
Package: hyperref 2021-06-07 v7.00m Hypertext links for LaTeX
 (/usr/share/texlive/texmf-dist/tex/generic/ltxcmds/ltxcmds.sty
Package: ltxcmds 2020-05-10 v1.25 LaTeX kernel commands for general use (HO)
) (/usr/share/texlive/texmf-dist/tex/generic/pdftexcmds/pdftexcmds.sty
Package: pdftexcmds 2020-06-27 v0.33 Utility functions of pdfTeX for LuaTeX (HO)
 (/usr/share/texlive/texmf-dist/tex/generic/infwarerr/infwarerr.sty
Package: infwarerr 2019/12/03 v1.5 Providing info/warning/error messages (HO)
)
Package pdftexcmds Info: \pdf@primitive is available.
Package pdftexcmds Info: \pdf@ifprimitive is available.
Package pdftexcmds Info: \pdfdraftmode found.
) (/usr/share/texlive/texmf-dist/tex/generic/kvsetkeys/kvsetkeys.sty
Package: kvsetkeys 2019/12/15 v1.18 Key value parser (HO)
) (/usr/share/texlive/texmf-dist/tex/generic/kvdefinekeys/kvdefinekeys.sty
Package: kvdefinekeys 2019-12-19 v1.6 Define keys (HO)
) (/usr/share/texlive/texmf-dist/tex/generic/pdfescape/pdfescape.sty
Package: pdfescape 2019/12/09 v1.15 Implements pdfTeX's escape features (HO)
) (/usr/share/texlive/texmf-dist/tex/latex/hycolor/hycolor.sty
Package: hycolor 2020-01-27 v1.10 Color options for hyperref/bookmark (HO)
) (/usr/share/texlive/texmf-dist/tex/latex/letltxmacro/letltxmacro.sty
Package: letltxmacro 2019/12/03 v1.6 Let assignment for LaTeX macros (HO)
) (/usr/share/texlive/texmf-dist/tex/latex/auxhook/auxhook.sty
Package: auxhook 2019-12-17 v1.6 Hooks for auxiliary files (HO)
) (/usr/share/texlive/texmf-dist/tex/latex/kvoptions/kvoptions.sty
Package: kvoptions 2020-10-07 v3.14 Key value format for package options (HO)
)
\@linkdim=\dimen176
\Hy@linkcounter=\count282
\Hy@pagecounter=\count283
 (/usr/share/texlive/texmf-dist/tex/latex/hyperref/pd1enc.def
File: pd1enc.def 2021-06-07 v7.00m Hyperref: PDFDocEncoding definition (HO)
Now handling font encoding PD1 ...
... no UTF-8 mapping file for font encoding PD1
) (/usr/share/texlive/texmf-dist/tex/latex/hyperref/hyperref-langpatches.def
File: hyperref-langpatches.def 2021-06-07 v7.00m Hyperref: patches for babel languages
) (/usr/share/texlive/texmf-dist/tex/generic/intcalc/intcalc.sty
Package: intcalc 2019/12/15 v1.3 Expandable calculations with integers (HO)
) (/usr/share/texlive/texmf-dist/tex/generic/etexcmds/etexcmds.sty
Package: etexcmds 2019/12/15 v1.7 Avoid name clashes with e-TeX commands (HO)
)
\Hy@SavedSpaceFactor=\count284
 (/usr/share/texlive/texmf-dist/tex/latex/hyperref/puenc.def
File: puenc.def 2021-06-07 v7.00m Hyperref: PDF Unicode definition (HO)
Now handling font encoding PU ...
... no UTF-8 mapping file for font encoding PU
)
Package hyperref Info: Hyper figures OFF on input line 4192.
Package hyperref Info: Link nesting OFF on input line 4197.
Package hyperref Info: Hyper index ON on input line 4200.
Package hyperref Info: Plain pages OFF on input line 4207.
Package hyperref Info: Backreferencing OFF on input line 4212.
Package hyperref Info: Implicit mode ON; LaTeX internals redefined.
Package hyperref Info: Bookmarks ON on input line 4445.
\c@Hy@tempcnt=\count285
LaTeX Info: Redefining \url on input line 4804.
\XeTeXLinkMargin=\dimen177
 (/usr/share/texlive/texmf-dist/tex/generic/bitset/bitset.sty
Package: bitset 2019/12/09 v1.3 Handle bit-vector datatype (HO)
 (/usr/share/texlive/texmf-dist/tex/generic/bigintcalc/bigintcalc.sty
Package: bigintcalc 2019/12/15 v1.5 Expandable calculations on big integers (HO)
))
\Fld@menulength=\count286
\Field@Width=\dimen178
\Fld@charsize=\dimen179
Package hyperref Info: Hyper figures OFF on input line 6076.
Package hyperref Info: Link nesting OFF on input line 6081.
Package hyperref Info: Hyper index ON on input line 6084.
Package hyperref Info: backreferencing OFF on input line 6091.
Package hyperref Info: Link coloring OFF on input line 6096.
Package hyperref Info: Link coloring with OCG OFF on input line 6101.
Package hyperref Info: PDF/A mode OFF on input line 6106.
LaTeX Info: Redefining \ref on input line 6146.
LaTeX Info: Redefining \pageref on input line 6150.
 (/usr/share/texlive/texmf-dist/tex/latex/base/atbegshi-ltx.sty
Package: atbegshi-ltx 2021/01/10 v1.0c Emulation of the original atbegshi
package with kernel methods
)
\Hy@abspage=\count287
\c@Item=\count288
\c@Hfootnote=\count289
)
Package hyperref Info: Driver (autodetected): hpdftex.
 (/usr/share/texlive/texmf-dist/tex/latex/hyperref/hpdftex.def
File: hpdftex.def 2021-06-07 v7.00m Hyperref driver for pdfTeX
 (/usr/share/texlive/texmf-dist/tex/latex/base/atveryend-ltx.sty
Package: atveryend-ltx 2020/08/19 v1.0a Emulation of the original atveryend package
with kernel methods
)
\Fld@listcount=\count290
\c@bookmark@seq@number=\count291
 (/usr/share/texlive/texmf-dist/tex/latex/rerunfilecheck/rerunfilecheck.sty
Package: rerunfilecheck 2019/12/05 v1.9 Rerun checks for auxiliary files (HO)
 (/usr/share/texlive/texmf-dist/tex/generic/uniquecounter/uniquecounter.sty
Package: uniquecounter 2019/12/15 v1.4 Provide unlimited unique counter (HO)
)
Package uniquecounter Info: New unique counter `rerunfilecheck' on input line 286.
)
\Hy@SectionHShift=\skip53
) (/usr/share/texlive/texmf-dist/tex/latex/xcolor/xcolor.sty
Package: xcolor 2021/10/31 v2.13 LaTeX color extensions (UK)
 (/usr/share/texlive/texmf-dist/tex/latex/graphics-cfg/color.cfg
File: color.cfg 2016/01/02 v1.6 sample color configuration
)
Package xcolor Info: Driver file: pdftex.def on input line 227.
Package xcolor Info: Model `cmy' substituted by `cmy0' on input line 1352.
Package xcolor Info: Model `hsb' substituted by `rgb' on input line 1356.
Package xcolor Info: Model `RGB' extended on input line 1368.
Package xcolor Info: Model `HTML' substituted by `rgb' on input line 1370.
Package xcolor Info: Model `Hsb' substituted by `hsb' on input line 1371.
Package xcolor Info: Model `tHsb' substituted by `hsb' on input line 1372.
Package xcolor Info: Model `HSB' substituted by `hsb' on input line 1373.
Package xcolor Info: Model `Gray' substituted by `gray' on input line 1374.
Package xcolor Info: Model `wave' substituted by `hsb' on input line 1375.
)
Package hyperref Info: Option `colorlinks' set `true' on input line 35.
 (/usr/share/texlive/texmf-dist/tex/latex/titlesec/titlesec.sty
Package: titlesec 2021/07/05 v2.14 Sectioning titles
\ttl@box=\box54
\beforetitleunit=\skip54
\aftertitleunit=\skip55
\ttl@plus=\dimen180
\ttl@minus=\dimen181
\ttl@toksa=\toks22
\titlewidth=\dimen182
\titlewidthlast=\dimen183
\titlewidthfirst=\dimen184
) (/usr/share/texlive/texmf-dist/tex/latex/glossaries/base/glossaries.sty
Package: glossaries 2021/11/01 v4.49 (NLCT)
 (/usr/share/texlive/texmf-dist/tex/latex/xkeyval/xkeyval.sty
Package: xkeyval 2020/11/20 v2.8 package option processing (HA)
 (/usr/share/texlive/texmf-dist/tex/generic/xkeyval/xkeyval.tex (/usr/share/texlive/texmf-dist/tex/generic/xkeyval/xkvutils.tex
\XKV@toks=\toks23
\XKV@tempa@toks=\toks24
)
\XKV@depth=\count292
File: xkeyval.tex 2014/12/03 v2.7a key=value parser (HA)
)) (/usr/share/texlive/texmf-dist/tex/latex/mfirstuc/mfirstuc.sty
Package: mfirstuc 2021/10/15 v2.07 (NLCT)
 (/usr/share/texlive/texmf-dist/tex/latex/etoolbox/etoolbox.sty
Package: etoolbox 2020/10/05 v2.5k e-TeX tools for LaTeX (JAW)
\etb@tempcnta=\count293
)
\@glsmfirst=\toks25
\@glsmrest=\toks26
) (/usr/share/texlive/texmf-dist/tex/latex/textcase/textcase.sty
Package: textcase 2019/09/14 v1.00 Text only upper/lower case changing (DPC)
) (/usr/share/texlive/texmf-dist/tex/latex/xfor/xfor.sty
Package: xfor 2009/02/05 v1.05 (NLCT)
) (/usr/share/texlive/texmf-dist/tex/latex/datatool/datatool-base.sty
Package: datatool-base 2019/09/27 v2.32 (NLCT)
 (/usr/share/texlive/texmf-dist/tex/latex/amsmath/amsmath.sty
Package: amsmath 2021/10/15 v2.17l AMS math features
\@mathmargin=\skip56

For additional information on amsmath, use the `?' option.
(/usr/share/texlive/texmf-dist/tex/latex/amsmath/amstext.sty
Package: amstext 2021/08/26 v2.01 AMS text
 (/usr/share/texlive/texmf-dist/tex/latex/amsmath/amsgen.sty
File: amsgen.sty 1999/11/30 v2.0 generic functions
\@emptytoks=\toks27
\ex@=\dimen185
)) (/usr/share/texlive/texmf-dist/tex/latex/amsmath/amsbsy.sty
Package: amsbsy 1999/11/29 v1.2d Bold Symbols
\pmbraise@=\dimen186
) (/usr/share/texlive/texmf-dist/tex/latex/amsmath/amsopn.sty
Package: amsopn 2021/08/26 v2.02 operator names
)
\inf@bad=\count294
LaTeX Info: Redefining \frac on input line 234.
\uproot@=\count295
\leftroot@=\count296
LaTeX Info: Redefining \overline on input line 399.
\classnum@=\count297
\DOTSCASE@=\count298
LaTeX Info: Redefining \ldots on input line 496.
LaTeX Info: Redefining \dots on input line 499.
LaTeX Info: Redefining \cdots on input line 620.
\Mathstrutbox@=\box55
\strutbox@=\box56
\big@size=\dimen187
LaTeX Font Info:    Redeclaring font encoding OML on input line 743.
LaTeX Font Info:    Redeclaring font encoding OMS on input line 744.
\macc@depth=\count299
\c@MaxMatrixCols=\count300
\dotsspace@=\muskip17
\c@parentequation=\count301
\dspbrk@lvl=\count302
\tag@help=\toks28
\row@=\count303
\column@=\count304
\maxfields@=\count305
\andhelp@=\toks29
\eqnshift@=\dimen188
\alignsep@=\dimen189
\tagshift@=\dimen190
\tagwidth@=\dimen191
\totwidth@=\dimen192
\lineht@=\dimen193
\@envbody=\toks30
\multlinegap=\skip57
\multlinetaggap=\skip58
\mathdisplay@stack=\toks31
LaTeX Info: Redefining \[ on input line 2938.
LaTeX Info: Redefining \] on input line 2939.
) (/usr/share/texlive/texmf-dist/tex/latex/substr/substr.sty
Package: substr 2009/10/20 v1.2 Handle substrings
\c@su@anzahl=\count306
) (/usr/share/texlive/texmf-dist/tex/latex/datatool/datatool-fp.sty
Package: datatool-fp 2019/09/27 v2.32 (NLCT)
 (/usr/share/texlive/texmf-dist/tex/latex/fp/fp.sty
Package: fp 1995/04/02
 `Fixed Point Package', Version 0.8, April 2, 1995 (C) Michael Mehlich (/usr/share/texlive/texmf-dist/tex/latex/fp/defpattern.sty
Package: defpattern 1994/10/12
\actioncount=\count307
) (/usr/share/texlive/texmf-dist/tex/latex/fp/fp-basic.sty
Package: fp-basic 1996/05/13
\FP@xs=\count308
\FP@xia=\count309
\FP@xib=\count310
\FP@xfa=\count311
\FP@xfb=\count312
\FP@rega=\count313
\FP@regb=\count314
\FP@regs=\count315
\FP@times=\count316
) (/usr/share/texlive/texmf-dist/tex/latex/fp/fp-addons.sty
Package: fp-addons 1995/03/15
) (/usr/share/texlive/texmf-dist/tex/latex/fp/fp-snap.sty
Package: fp-snap 1995/04/05
) (/usr/share/texlive/texmf-dist/tex/latex/fp/fp-exp.sty
Package: fp-exp 1995/04/03
) (/usr/share/texlive/texmf-dist/tex/latex/fp/fp-trigo.sty
Package: fp-trigo 1995/04/14
) (/usr/share/texlive/texmf-dist/tex/latex/fp/fp-pas.sty
Package: fp-pas 1994/08/29
) (/usr/share/texlive/texmf-dist/tex/latex/fp/fp-random.sty
Package: fp-random 1995/02/23
\FPseed=\count317
) (/usr/share/texlive/texmf-dist/tex/latex/fp/fp-eqn.sty
Package: fp-eqn 1995/04/03
) (/usr/share/texlive/texmf-dist/tex/latex/fp/fp-upn.sty
Package: fp-upn 1996/10/21
) (/usr/share/texlive/texmf-dist/tex/latex/fp/fp-eval.sty
Package: fp-eval 1995/04/03
)))
\@dtl@toks=\toks32
\@dtl@tmpcount=\count318
\dtl@tmplength=\skip59
\dtl@sortresult=\count319
\@dtl@numgrpsepcount=\count320
\@dtl@datatype=\count321
\dtl@codeA=\count322
\dtl@codeB=\count323
\@dtl@foreach@level=\count324
) (/usr/share/texlive/texmf-dist/tex/latex/glossaries/base/glossaries-compatible-307.sty
Package: glossaries-compatible-307 2021/11/01 v4.49 (NLCT)
) (/usr/share/texlive/texmf-dist/tex/latex/tracklang/tracklang.sty
Package: tracklang 2020/06/30 v1.5 (NLCT) Track Languages
 (/usr/share/texlive/texmf-dist/tex/generic/tracklang/tracklang.tex)) (/usr/share/texlive/texmf-dist/tex/latex/translator/translator.sty
Package: translator 2021-05-31 v1.12d Easy translation of strings in LaTeX
) (/usr/share/texlive/texmf-dist/tex/latex/glossaries-portuges/glossaries-portuges.ldf
File: glossaries-portuges.ldf 2014/11/23 v1.0
 (/usr/share/texlive/texmf-dist/tex/latex/glossaries-portuges/glossaries-portuges-utf8.ldf))
\gls@level=\count325
\@gls@tmpb=\toks33
\gls@tmplen=\skip60
\glskeylisttok=\toks34
\glslabeltok=\toks35
\glsshorttok=\toks36
\glslongtok=\toks37
 (/usr/share/texlive/texmf-dist/tex/latex/glossaries/styles/glossary-hypernav.sty
Package: glossary-hypernav 2021/11/01 v4.49 (NLCT)
) (/usr/share/texlive/texmf-dist/tex/latex/glossaries/styles/glossary-list.sty
Package: glossary-list 2021/11/01 v4.49 (NLCT)
\glslistdottedwidth=\skip61
) (/usr/share/texlive/texmf-dist/tex/latex/glossaries/styles/glossary-long.sty
Package: glossary-long 2021/11/01 v4.49 (NLCT)
 (/usr/share/texlive/texmf-dist/tex/latex/tools/longtable.sty
Package: longtable 2021-09-01 v4.17 Multi-page Table package (DPC)
\LTleft=\skip62
\LTright=\skip63
\LTpre=\skip64
\LTpost=\skip65
\LTchunksize=\count326
\LTcapwidth=\dimen194
\LT@head=\box57
\LT@firsthead=\box58
\LT@foot=\box59
\LT@lastfoot=\box60
\LT@gbox=\box61
\LT@cols=\count327
\LT@rows=\count328
\c@LT@tables=\count329
\c@LT@chunks=\count330
\LT@p@ftn=\toks38
)
\glsdescwidth=\skip66
\glspagelistwidth=\skip67
) (/usr/share/texlive/texmf-dist/tex/latex/glossaries/styles/glossary-super.sty
Package: glossary-super 2021/11/01 v4.49 (NLCT)
 (/usr/share/texlive/texmf-dist/tex/latex/supertabular/supertabular.sty
Package: supertabular 2020/02/02 v4.1g the supertabular environment
\c@tracingst=\count331
\ST@wd=\dimen195
\ST@rightskip=\skip68
\ST@leftskip=\skip69
\ST@parfillskip=\skip70
\ST@pageleft=\dimen196
\ST@headht=\dimen197
\ST@tailht=\dimen198
\ST@pagesofar=\dimen199
\ST@pboxht=\dimen256
\ST@lineht=\dimen257
\ST@prevht=\dimen258
\ST@toadd=\dimen259
\ST@dimen=\dimen260
\ST@pbox=\box62
)) (/usr/share/texlive/texmf-dist/tex/latex/glossaries/styles/glossary-tree.sty
Package: glossary-tree 2021/11/01 v4.49 (NLCT)
\glstreeindent=\skip71
))) (/usr/share/texlive/texmf-dist/tex/latex/tabularray/tabularray.sty (/usr/share/texlive/texmf-dist/tex/latex/l3kernel/expl3.sty
Package: expl3 2022-01-21 L3 programming layer (loader) 
 (/usr/share/texlive/texmf-dist/tex/latex/l3backend/l3backend-pdftex.def
File: l3backend-pdftex.def 2022-01-12 L3 backend support: PDF output (pdfTeX)
\l__color_backend_stack_int=\count332
\l__pdf_internal_box=\box63
))
Package: tabularray 2021-12-01 v2021Q Typeset tabulars and arrays with LaTeX3
 (/usr/share/texlive/texmf-dist/tex/latex/l3packages/xparse/xparse.sty
Package: xparse 2022-01-12 L3 Experimental document command parser
)
\l__tblr_a_int=\count333
\l__tblr_c_int=\count334
\l__tblr_r_int=\count335
\l__tblr_d_dim=\dimen261
\l__tblr_h_dim=\dimen262
\l__tblr_o_dim=\dimen263
\l__tblr_p_dim=\dimen264
\l__tblr_q_dim=\dimen265
\l__tblr_r_dim=\dimen266
\l__tblr_s_dim=\dimen267
\l__tblr_t_dim=\dimen268
\l__tblr_v_dim=\dimen269
\l__tblr_w_dim=\dimen270
\l__tblr_a_box=\box64
\l__tblr_b_box=\box65
\l__tblr_c_box=\box66
\l__tblr_d_box=\box67
\g__tblr_table_count_int=\count336
\c@rownum=\count337
\c@colnum=\count338
\c@rowcount=\count339
\c@colcount=\count340
\abovesep=\dimen271
\belowsep=\dimen272
\leftsep=\dimen273
\rightsep=\dimen274
\g_tblr_level_int=\count341
\g__tblr_data_row_key_count_int=\count342
\g__tblr_data_column_key_count_int=\count343
\g__tblr_data_cell_key_count_int=\count344
\g__tblr_array_int=\count345
\l__tblr_key_count_int=\count346
\l__tblr_key_quotient_int=\count347
\l__tblr_key_quotient_two_int=\count348
\l__tblr_key_remainder_int=\count349
\g__tblr_data_str_value_count_int=\count350
\rulewidth=\dimen275
\l__multicolumn_cell_number_int=\count351
\l__tblr_strut_ht_box=\box68
\l__tblr_strut_dp_box=\box69
\g__tblr_cell_wd_dim=\dimen276
\g__tblr_cell_ht_dim=\dimen277
\g__tblr_cell_head_dim=\dimen278
\g__tblr_cell_foot_dim=\dimen279
\l__column_target_dim=\dimen280
\l__tblr_caption_box=\box70
\l__tblr_caption_left_box=\box71
\l__tblr_row_head_box=\box72
\l__tblr_row_foot_box=\box73
\l__tblr_row_head_foot_dim=\dimen281
\tablewidth=\dimen282
\l__tblr_table_firsthead_box=\box74
\l__tblr_table_middlehead_box=\box75
\l__tblr_table_lasthead_box=\box76
\l__tblr_table_firstfoot_box=\box77
\l__tblr_table_middlefoot_box=\box78
\l__tblr_table_lastfoot_box=\box79
\l__tblr_remain_height_dim=\dimen283
\l__tblr_long_from_int=\count352
\l__tblr_long_to_int=\count353
\l__tblr_curr_i_int=\count354
\l__tblr_prev_i_int=\count355
\l__tblr_table_page_int=\count356
\l__tblr_table_head_box=\box80
\l__tblr_table_foot_box=\box81
\l__tblr_table_head_foot_dim=\dimen284
\l__tblr_table_head_body_foot_dim=\dimen285
\l__tblr_table_box=\box82
\l__tblr_table_hlines_box=\box83
\l__tblr_hline_box=\box84
\l__tblr_row_box=\box85
\l__tblr_col_o_wd_dim=\dimen286
\l__tblr_col_b_wd_dim=\dimen287
\l__tblr_hline_leftskip_dim=\dimen288
\l__tblr_hline_rightskip_dim=\dimen289
\l__tblr_row_ht_dim=\dimen290
\l__tblr_row_dp_dim=\dimen291
\l__tblr_row_abovesep_dim=\dimen292
\l__tblr_row_belowsep_dim=\dimen293
\l__tblr_row_vlines_box=\box86
\l__tblr_vline_box=\box87
\l__tblr_cell_box=\box88
\l__row_upper_dim=\dimen294
\l__row_lower_dim=\dimen295
\l__row_vpace_dim=\dimen296
\l__tblr_vline_aboveskip_dim=\dimen297
\l__tblr_vline_belowskip_dim=\dimen298
\l__tblr_cell_wd_dim=\dimen299
\l__tblr_cell_ht_dim=\dimen300
\l__tblr_diag_box=\box89
) (./main.aux

LaTeX Warning: Label `fig:10' multiply defined.


LaTeX Warning: Label `tab:5' multiply defined.


LaTeX Warning: Label `fig:9' multiply defined.


LaTeX Warning: Label `fig:16' multiply defined.


LaTeX Warning: Label `fig:17' multiply defined.


LaTeX Warning: Label `fig:24' multiply defined.


LaTeX Warning: Label `fig:24' multiply defined.


LaTeX Warning: Label `fig:22' multiply defined.


LaTeX Warning: Label `fig:24' multiply defined.


LaTeX Warning: Label `fig:28' multiply defined.


LaTeX Warning: Label `fig:2' multiply defined.


LaTeX Warning: Label `fig:3' multiply defined.


LaTeX Warning: Label `fig:4' multiply defined.


LaTeX Warning: Label `tab:22' multiply defined.

)
\openout1 = `main.aux'.

LaTeX Font Info:    Checking defaults for OML/cmm/m/it on input line 34.
LaTeX Font Info:    ... okay on input line 34.
LaTeX Font Info:    Checking defaults for OMS/cmsy/m/n on input line 34.
LaTeX Font Info:    ... okay on input line 34.
LaTeX Font Info:    Checking defaults for OT1/cmr/m/n on input line 34.
LaTeX Font Info:    ... okay on input line 34.
LaTeX Font Info:    Checking defaults for T1/cmr/m/n on input line 34.
LaTeX Font Info:    ... okay on input line 34.
LaTeX Font Info:    Checking defaults for TS1/cmr/m/n on input line 34.
LaTeX Font Info:    ... okay on input line 34.
LaTeX Font Info:    Checking defaults for OMX/cmex/m/n on input line 34.
LaTeX Font Info:    ... okay on input line 34.
LaTeX Font Info:    Checking defaults for U/cmr/m/n on input line 34.
LaTeX Font Info:    ... okay on input line 34.
LaTeX Font Info:    Checking defaults for PD1/pdf/m/n on input line 34.
LaTeX Font Info:    ... okay on input line 34.
LaTeX Font Info:    Checking defaults for PU/pdf/m/n on input line 34.
LaTeX Font Info:    ... okay on input line 34.
 (/usr/share/texlive/texmf-dist/tex/context/base/mkii/supp-pdf.mkii
[Loading MPS to PDF converter (version 2006.09.02).]
\scratchcounter=\count357
\scratchdimen=\dimen301
\scratchbox=\box90
\nofMPsegments=\count358
\nofMParguments=\count359
\everyMPshowfont=\toks39
\MPscratchCnt=\count360
\MPscratchDim=\dimen302
\MPnumerator=\count361
\makeMPintoPDFobject=\count362
\everyMPtoPDFconversion=\toks40
) (/usr/share/texlive/texmf-dist/tex/latex/epstopdf-pkg/epstopdf-base.sty
Package: epstopdf-base 2020-01-24 v2.11 Base part for package epstopdf
Package epstopdf-base Info: Redefining graphics rule for `.eps' on input line 485.
 (/usr/share/texlive/texmf-dist/tex/latex/latexconfig/epstopdf-sys.cfg
File: epstopdf-sys.cfg 2010/07/13 v1.3 Configuration of (r)epstopdf for TeX Live
))
Package caption Info: Begin \AtBeginDocument code.
Package caption Info: hyperref package is loaded.
Package caption Info: listings package is loaded.
Package caption Info: longtable package is loaded.
 (/usr/share/texlive/texmf-dist/tex/latex/caption/ltcaption.sty
Package: ltcaption 2020/05/30 v1.4b longtable captions (AR)
)
Package caption Info: supertabular package is loaded.
Package caption Info: End \AtBeginDocument code.

*geometry* driver: auto-detecting
*geometry* detected driver: pdftex
*geometry* verbose mode - [ preamble ] result:
* driver: pdftex
* paper: a4paper
* layout: <same size as paper>
* layoutoffset:(h,v)=(0.0pt,0.0pt)
* modes: twoside 
* h-part:(L,W,R)=(71.13188pt, 455.24411pt, 71.13188pt)
* v-part:(T,H,B)=(71.13188pt, 702.78308pt, 71.13188pt)
* \paperwidth=597.50787pt
* \paperheight=845.04684pt
* \textwidth=455.24411pt
* \textheight=702.78308pt
* \oddsidemargin=-1.1381pt
* \evensidemargin=-1.1381pt
* \topmargin=-33.0119pt
* \headheight=12.0pt
* \headsep=19.8738pt
* \topskip=12.0pt
* \footskip=30.0pt
* \marginparwidth=88.0pt
* \marginparsep=7.0pt
* \columnsep=10.0pt
* \skip\footins=10.8pt plus 4.0pt minus 2.0pt
* \hoffset=0.0pt
* \voffset=0.0pt
* \mag=1000
* \@twocolumnfalse
* \@twosidetrue
* \@mparswitchtrue
* \@reversemarginfalse
* (1in=72.27pt=25.4mm, 1cm=28.453pt)

\c@lstlisting=\count363
Package hyperref Info: Link coloring ON on input line 34.
(/usr/share/texlive/texmf-dist/tex/latex/hyperref/nameref.sty
Package: nameref 2021-04-02 v2.47 Cross-referencing by name of section
 (/usr/share/texlive/texmf-dist/tex/latex/refcount/refcount.sty
Package: refcount 2019/12/15 v3.6 Data extraction from label references (HO)
) (/usr/share/texlive/texmf-dist/tex/generic/gettitlestring/gettitlestring.sty
Package: gettitlestring 2019/12/15 v1.6 Cleanup title references (HO)
)
\c@section@level=\count364
)
LaTeX Info: Redefining \ref on input line 34.
LaTeX Info: Redefining \pageref on input line 34.
LaTeX Info: Redefining \nameref on input line 34.
 (./main.out) (./main.out)
\@outlinefile=\write3
\openout3 = `main.out'.

 (/usr/share/texlive/texmf-dist/tex/latex/ninecolors/ninecolors.sty
Package: ninecolors 2021/05/24 v2021C Select colors with proper color contrast
)
<lesi/logos/logo_ipca.png, id=309, 707.64375pt x 356.33125pt>
File: lesi/logos/logo_ipca.png Graphic file (type png)
<use lesi/logos/logo_ipca.png>
Package pdftex.def Info: lesi/logos/logo_ipca.png  used on input line 38.
(pdftex.def)             Requested size: 113.00935pt x 56.9055pt.
<lesi/logos/logo_est.png, id=311, 2971.1pt x 1124.2pt>
File: lesi/logos/logo_est.png Graphic file (type png)
<use lesi/logos/logo_est.png>
Package pdftex.def Info: lesi/logos/logo_est.png  used on input line 38.
(pdftex.def)             Requested size: 150.3771pt x 56.9055pt.
 [1


{/var/lib/texmf/fonts/map/pdftex/updmap/pdftex.map} <./lesi/logos/logo_ipca.png> <./lesi/logos/logo_est.png>] [2] [3

] [4

] [5] [6

] [7] [8

] (./main.toc [9] [10])
\tf@toc=\write4
\openout4 = `main.toc'.

 [11] [12

] (./main.lof [13])
\tf@lof=\write5
\openout5 = `main.lof'.

 [14] (./main.lot)
\tf@lot=\write6
\openout6 = `main.lot'.

 [15

] [16

] (./chap1.tex
Cap\'{\i }tulo 1.
[1

] [2]) (./chap2.tex [3] [4

]
Cap\'{\i }tulo 2.
[5]
<images/etapa1_sprint_planning.png, id=610, 1084.05pt x 1483.5425pt>
File: images/etapa1_sprint_planning.png Graphic file (type png)
<use images/etapa1_sprint_planning.png>
Package pdftex.def Info: images/etapa1_sprint_planning.png  used on input line 49.
(pdftex.def)             Requested size: 364.19667pt x 498.39897pt.
) (./chap3.tex (./sections/chap3/1.proposta_sistema.tex [6 <./images/etapa1_sprint_planning.png>]
Cap\'{\i }tulo 3.
) (./sections/chap3/2.modelo_negocio.tex) (./sections/chap3/3.objectivos_negocio.tex) (./sections/chap3/5.dominio_applicacao_sistema.tex [7

]
<images/diagramas/diagrama_contexto.png, id=621, 1300.86pt x 674.52pt>
File: images/diagramas/diagrama_contexto.png Graphic file (type png)
<use images/diagramas/diagrama_contexto.png>
Package pdftex.def Info: images/diagramas/diagrama_contexto.png  used on input line 16.
(pdftex.def)             Requested size: 455.24411pt x 236.05466pt.
) [8 <./images/diagramas/diagrama_contexto.png>] (./sections/chap3/6.operacoes_realizar_sistema.tex (./tables/requisitos/requisitos_funcionais.tex
> Step: init table outer spec.
> Step: parse table options.
> Step: split table.
> Step: init table inner spec.
> Step: parse table inner spec.
> Step: execute table commands.
> Step: calculate cell and line sizes.
> Step: build the whole table.
 [9] [10] [11])) (./sections/chap3/7.descricao_intervenientes.tex) (./sections/chap3/8.partes_interessadas.tex)
Underfull \vbox (badness 10000) has occurred while \output is active []

 [12] [13] (./sections/chap3/9.condicoes_especificas.tex (./tables/requisitos/requisitos_nao_funcionais.tex
> Step: init table outer spec.
> Step: parse table options.
> Step: split table.
> Step: init table inner spec.
> Step: parse table inner spec.
> Step: execute table commands.
> Step: calculate cell and line sizes.

Overfull \hbox (2.6533pt too wide) in paragraph at lines 20--20
[][]\T1/cmr/m/n/12 RNF01[]  
 []


Overfull \hbox (2.6533pt too wide) in paragraph at lines 20--20
[][]\T1/cmr/m/n/12 RNF01[]  
 []


Overfull \hbox (2.6533pt too wide) in paragraph at lines 20--20
[][]\T1/cmr/m/n/12 RNF02[]  
 []


Overfull \hbox (2.6533pt too wide) in paragraph at lines 20--20
[][]\T1/cmr/m/n/12 RNF02[]  
 []


Overfull \hbox (2.6533pt too wide) in paragraph at lines 20--20
[][]\T1/cmr/m/n/12 RNF03[]  
 []


Overfull \hbox (2.6533pt too wide) in paragraph at lines 20--20
[][]\T1/cmr/m/n/12 RNF03[]  
 []


Overfull \hbox (2.6533pt too wide) in paragraph at lines 20--20
[][]\T1/cmr/m/n/12 RNF04[]  
 []


Overfull \hbox (2.6533pt too wide) in paragraph at lines 20--20
[][]\T1/cmr/m/n/12 RNF04[]  
 []


Overfull \hbox (2.6533pt too wide) in paragraph at lines 20--20
[][]\T1/cmr/m/n/12 RNF05[]  
 []


Overfull \hbox (2.6533pt too wide) in paragraph at lines 20--20
[][]\T1/cmr/m/n/12 RNF05[]  
 []


Overfull \hbox (13.06206pt too wide) in paragraph at lines 20--20
[][]\T1/cmr/m/n/12 Desenvolvimento[]  
 []


Overfull \hbox (13.06206pt too wide) in paragraph at lines 20--20
[][]\T1/cmr/m/n/12 Desenvolvimento[]  
 []

> Step: build the whole table.

Overfull \hbox (2.6533pt too wide) in paragraph at lines 20--20
[][]\T1/cmr/m/n/12 RNF01[]  
 []


Overfull \hbox (2.6533pt too wide) in paragraph at lines 20--20
[][]\T1/cmr/m/n/12 RNF01[]  
 []


Overfull \hbox (2.6533pt too wide) in paragraph at lines 20--20
[][]\T1/cmr/m/n/12 RNF02[]  
 []


Overfull \hbox (2.6533pt too wide) in paragraph at lines 20--20
[][]\T1/cmr/m/n/12 RNF02[]  
 []


Overfull \hbox (2.6533pt too wide) in paragraph at lines 20--20
[][]\T1/cmr/m/n/12 RNF03[]  
 []


Overfull \hbox (2.6533pt too wide) in paragraph at lines 20--20
[][]\T1/cmr/m/n/12 RNF03[]  
 []


Overfull \hbox (2.6533pt too wide) in paragraph at lines 20--20
[][]\T1/cmr/m/n/12 RNF04[]  
 []


Overfull \hbox (2.6533pt too wide) in paragraph at lines 20--20
[][]\T1/cmr/m/n/12 RNF04[]  
 []


Overfull \hbox (2.6533pt too wide) in paragraph at lines 20--20
[][]\T1/cmr/m/n/12 RNF05[]  
 []


Overfull \hbox (2.6533pt too wide) in paragraph at lines 20--20
[][]\T1/cmr/m/n/12 RNF05[]  
 []


Overfull \hbox (13.06206pt too wide) in paragraph at lines 20--20
[][]\T1/cmr/m/n/12 Desenvolvimento[]  
 []


Overfull \hbox (13.06206pt too wide) in paragraph at lines 20--20
[][]\T1/cmr/m/n/12 Desenvolvimento[]  
 []

)) [14] (./sections/chap3/10.esquemetizacao_conteudo_paginas.tex
<images/Arquiteturas/diagrama_superficial_de_aplicacao.png, id=656, 1393.205pt x 1167.36125pt>
File: images/Arquiteturas/diagrama_superficial_de_aplicacao.png Graphic file (type png)
<use images/Arquiteturas/diagrama_superficial_de_aplicacao.png>
Package pdftex.def Info: images/Arquiteturas/diagrama_superficial_de_aplicacao.png  used on input line 10.
(pdftex.def)             Requested size: 455.24411pt x 381.43636pt.
 [15 <./images/Arquiteturas/diagrama_superficial_de_aplicacao.png>]
<images/Arquiteturas/superficial_de_app/home_auth.png, id=663, 438.63875pt x 705.63625pt>
File: images/Arquiteturas/superficial_de_app/home_auth.png Graphic file (type png)
<use images/Arquiteturas/superficial_de_app/home_auth.png>
Package pdftex.def Info: images/Arquiteturas/superficial_de_app/home_auth.png  used on input line 36.
(pdftex.def)             Requested size: 254.69176pt x 409.71692pt.
 [16 <./images/Arquiteturas/superficial_de_app/home_auth.png>]
<images/Arquiteturas/superficial_de_app/forum.png, id=669, 219.82124pt x 275.0275pt>
File: images/Arquiteturas/superficial_de_app/forum.png Graphic file (type png)
<use images/Arquiteturas/superficial_de_app/forum.png>
Package pdftex.def Info: images/Arquiteturas/superficial_de_app/forum.png  used on input line 52.
(pdftex.def)             Requested size: 145.54869pt x 182.09486pt.
<images/Arquiteturas/superficial_de_app/criar_topico.png, id=670, 178.6675pt x 193.72375pt>
File: images/Arquiteturas/superficial_de_app/criar_topico.png Graphic file (type png)
<use images/Arquiteturas/superficial_de_app/criar_topico.png>
Package pdftex.def Info: images/Arquiteturas/superficial_de_app/criar_topico.png  used on input line 66.
(pdftex.def)             Requested size: 125.96059pt x 136.57462pt.
 [17 <./images/Arquiteturas/superficial_de_app/forum.png> <./images/Arquiteturas/superficial_de_app/criar_topico.png>]
<images/Arquiteturas/superficial_de_app/detalhes_topico.png, id=677, 297.11pt x 387.4475pt>
File: images/Arquiteturas/superficial_de_app/detalhes_topico.png Graphic file (type png)
<use images/Arquiteturas/superficial_de_app/detalhes_topico.png>
Package pdftex.def Info: images/Arquiteturas/superficial_de_app/detalhes_topico.png  used on input line 83.
(pdftex.def)             Requested size: 192.00848pt x 250.38564pt.
<images/Arquiteturas/superficial_de_app/pesquisa_forum.png, id=678, 252.945pt x 212.795pt>
File: images/Arquiteturas/superficial_de_app/pesquisa_forum.png Graphic file (type png)
<use images/Arquiteturas/superficial_de_app/pesquisa_forum.png>
Package pdftex.def Info: images/Arquiteturas/superficial_de_app/pesquisa_forum.png  used on input line 96.
(pdftex.def)             Requested size: 162.35126pt x 136.57462pt.
<images/Arquiteturas/superficial_de_app/notificacoes.png, id=679, 182.6825pt x 120.45pt>
File: images/Arquiteturas/superficial_de_app/notificacoes.png Graphic file (type png)
<use images/Arquiteturas/superficial_de_app/notificacoes.png>
Package pdftex.def Info: images/Arquiteturas/superficial_de_app/notificacoes.png  used on input line 107.
(pdftex.def)             Requested size: 138.09308pt x 91.04742pt.
 [18 <./images/Arquiteturas/superficial_de_app/detalhes_topico.png> <./images/Arquiteturas/superficial_de_app/pesquisa_forum.png>]
<images/Arquiteturas/superficial_de_app/perfil.png, id=686, 305.14pt x 422.57875pt>
File: images/Arquiteturas/superficial_de_app/perfil.png Graphic file (type png)
<use images/Arquiteturas/superficial_de_app/perfil.png>
Package pdftex.def Info: images/Arquiteturas/superficial_de_app/perfil.png  used on input line 120.
(pdftex.def)             Requested size: 115.06042pt x 159.33821pt.
 [19 <./images/Arquiteturas/superficial_de_app/notificacoes.png> <./images/Arquiteturas/superficial_de_app/perfil.png>]
File: images/Arquiteturas/superficial_de_app/perfil.png Graphic file (type png)
<use images/Arquiteturas/superficial_de_app/perfil.png>
Package pdftex.def Info: images/Arquiteturas/superficial_de_app/perfil.png  used on input line 135.
(pdftex.def)             Requested size: 115.06042pt x 159.33821pt.
) (./sections/chap3/11.historias_utilizador.tex (./tables/user_stories.tex
> Step: init table outer spec.
> Step: parse table options.
> Step: split table.
> Step: init table inner spec.
> Step: parse table inner spec.
> Step: execute table commands.
> Step: calculate cell and line sizes.
> Step: build the whole table.

Overfull \hbox (10.97488pt too wide) detected at line 123
 [] 
 []

[20]
Overfull \hbox (10.97488pt too wide) detected at line 123
 [] 
 []

[21]
Overfull \hbox (10.97488pt too wide) detected at line 123
 [] 
 []

[22]
Overfull \hbox (10.97488pt too wide) detected at line 123
 [] 
 []

)) [23] (./sections/chap3/12.especificacao_casos_uso.tex (./tables/casos_de_uso/tabela_casos_uso.tex
> Step: init table outer spec.
> Step: parse table options.
> Step: split table.
> Step: init table inner spec.
> Step: parse table inner spec.
> Step: execute table commands.
> Step: calculate cell and line sizes.

Overfull \hbox (1.4992pt too wide) in paragraph at lines 72--72
 [][]\T1/cmr/m/n/12 Utilizador[] 
 []


Overfull \hbox (1.4992pt too wide) in paragraph at lines 72--72
 [][]\T1/cmr/m/n/12 Utilizador[] 
 []


Overfull \hbox (1.4992pt too wide) in paragraph at lines 72--72
 [][]\T1/cmr/m/n/12 Utilizador[] 
 []


Overfull \hbox (1.4992pt too wide) in paragraph at lines 72--72
 [][]\T1/cmr/m/n/12 Utilizador[] 
 []


Overfull \hbox (1.4992pt too wide) in paragraph at lines 72--72
 [][]\T1/cmr/m/n/12 Utilizador[] 
 []


Overfull \hbox (1.4992pt too wide) in paragraph at lines 72--72
 [][]\T1/cmr/m/n/12 Utilizador[] 
 []


Overfull \hbox (1.4992pt too wide) in paragraph at lines 72--72
 [][]\T1/cmr/m/n/12 Utilizador[] 
 []


Overfull \hbox (1.4992pt too wide) in paragraph at lines 72--72
 [][]\T1/cmr/m/n/12 Utilizador[] 
 []


Overfull \hbox (1.4992pt too wide) in paragraph at lines 72--72
 [][]\T1/cmr/m/n/12 Utilizador[] 
 []


Overfull \hbox (1.4992pt too wide) in paragraph at lines 72--72
 [][]\T1/cmr/m/n/12 Utilizador[] 
 []


Overfull \hbox (1.4992pt too wide) in paragraph at lines 72--72
 [][]\T1/cmr/m/n/12 Utilizador[] 
 []


Overfull \hbox (1.4992pt too wide) in paragraph at lines 72--72
 [][]\T1/cmr/m/n/12 Utilizador[] 
 []


Overfull \hbox (1.4992pt too wide) in paragraph at lines 72--72
 [][]\T1/cmr/m/n/12 Utilizador[] 
 []


Overfull \hbox (1.4992pt too wide) in paragraph at lines 72--72
 [][]\T1/cmr/m/n/12 Utilizador[] 
 []


Overfull \hbox (1.4992pt too wide) in paragraph at lines 72--72
 [][]\T1/cmr/m/n/12 Utilizador[] 
 []


Overfull \hbox (1.4992pt too wide) in paragraph at lines 72--72
 [][]\T1/cmr/m/n/12 Utilizador[] 
 []


Overfull \hbox (1.4992pt too wide) in paragraph at lines 72--72
 [][]\T1/cmr/m/n/12 Utilizador[] 
 []


Overfull \hbox (1.4992pt too wide) in paragraph at lines 72--72
 [][]\T1/cmr/m/n/12 Utilizador[] 
 []


Overfull \hbox (1.4992pt too wide) in paragraph at lines 72--72
 [][]\T1/cmr/m/n/12 Utilizador[] 
 []


Overfull \hbox (1.4992pt too wide) in paragraph at lines 72--72
 [][]\T1/cmr/m/n/12 Utilizador[] 
 []


Overfull \hbox (1.4992pt too wide) in paragraph at lines 72--72
 [][]\T1/cmr/m/n/12 Utilizador[] 
 []


Overfull \hbox (1.4992pt too wide) in paragraph at lines 72--72
 [][]\T1/cmr/m/n/12 Utilizador[] 
 []


Overfull \hbox (1.4992pt too wide) in paragraph at lines 72--72
 [][]\T1/cmr/m/n/12 Utilizador[] 
 []


Overfull \hbox (1.4992pt too wide) in paragraph at lines 72--72
 [][]\T1/cmr/m/n/12 Utilizador[] 
 []

> Step: build the whole table.

Overfull \hbox (1.4992pt too wide) in paragraph at lines 72--72
 [][]\T1/cmr/m/n/12 Utilizador[] 
 []


Overfull \hbox (1.4992pt too wide) in paragraph at lines 72--72
 [][]\T1/cmr/m/n/12 Utilizador[] 
 []


Overfull \hbox (1.4992pt too wide) in paragraph at lines 72--72
 [][]\T1/cmr/m/n/12 Utilizador[] 
 []


Overfull \hbox (1.4992pt too wide) in paragraph at lines 72--72
 [][]\T1/cmr/m/n/12 Utilizador[] 
 []


Overfull \hbox (1.4992pt too wide) in paragraph at lines 72--72
 [][]\T1/cmr/m/n/12 Utilizador[] 
 []


Overfull \hbox (1.4992pt too wide) in paragraph at lines 72--72
 [][]\T1/cmr/m/n/12 Utilizador[] 
 []


Overfull \hbox (1.4992pt too wide) in paragraph at lines 72--72
 [][]\T1/cmr/m/n/12 Utilizador[] 
 []


Overfull \hbox (1.4992pt too wide) in paragraph at lines 72--72
 [][]\T1/cmr/m/n/12 Utilizador[] 
 []


Overfull \hbox (1.4992pt too wide) in paragraph at lines 72--72
 [][]\T1/cmr/m/n/12 Utilizador[] 
 []


Overfull \hbox (1.4992pt too wide) in paragraph at lines 72--72
 [][]\T1/cmr/m/n/12 Utilizador[] 
 []


Overfull \hbox (1.4992pt too wide) in paragraph at lines 72--72
 [][]\T1/cmr/m/n/12 Utilizador[] 
 []


Overfull \hbox (1.4992pt too wide) in paragraph at lines 72--72
 [][]\T1/cmr/m/n/12 Utilizador[] 
 []

[24]) [25] (./tables/casos_de_uso/criar_topico.tex
> Step: init table outer spec.
> Step: parse table options.
> Step: split table.
> Step: init table inner spec.
> Step: parse table inner spec.
> Step: execute table commands.
> Step: calculate cell and line sizes.
> Step: build the whole table.
 [26]) (./tables/casos_de_uso/pesquisa_qr_forum.tex
> Step: init table outer spec.
> Step: parse table options.
> Step: split table.
> Step: init table inner spec.
> Step: parse table inner spec.
> Step: execute table commands.
> Step: calculate cell and line sizes.

Overfull \hbox (4.46866pt too wide) in paragraph at lines 46--46
\T1/cmr/m/n/12 Alternativo(A1)[]  
 []


Overfull \hbox (4.46866pt too wide) in paragraph at lines 46--46
\T1/cmr/m/n/12 Alternativo(A1)[]  
 []


Overfull \hbox (4.46866pt too wide) in paragraph at lines 46--46
\T1/cmr/m/n/12 Alternativo(A1)[]  
 []


Overfull \hbox (4.46866pt too wide) in paragraph at lines 46--46
\T1/cmr/m/n/12 Alternativo(A1)[]  
 []

> Step: build the whole table.
[27]
Overfull \hbox (4.46866pt too wide) in paragraph at lines 46--46
\T1/cmr/m/n/12 Alternativo(A1)[]  
 []


Overfull \hbox (4.46866pt too wide) in paragraph at lines 46--46
\T1/cmr/m/n/12 Alternativo(A1)[]  
 []

) (./tables/casos_de_uso/selecionar_melhor_resposta.tex
> Step: init table outer spec.
> Step: parse table options.
> Step: split table.
> Step: init table inner spec.
> Step: parse table inner spec.
> Step: execute table commands.
> Step: calculate cell and line sizes.

Overfull \hbox (1.8883pt too wide) in paragraph at lines 48--48
\T1/cmr/m/n/12 Alternativo(A1)[]  
 []


Overfull \hbox (1.8883pt too wide) in paragraph at lines 48--48
\T1/cmr/m/n/12 Alternativo(A1)[]  
 []


Overfull \hbox (1.8883pt too wide) in paragraph at lines 48--48
\T1/cmr/m/n/12 Alternativo(A2)[]  
 []


Overfull \hbox (1.8883pt too wide) in paragraph at lines 48--48
\T1/cmr/m/n/12 Alternativo(A2)[]  
 []


Overfull \hbox (1.8883pt too wide) in paragraph at lines 48--48
\T1/cmr/m/n/12 Alternativo(A1)[]  
 []


Overfull \hbox (1.8883pt too wide) in paragraph at lines 48--48
\T1/cmr/m/n/12 Alternativo(A1)[]  
 []


Overfull \hbox (1.8883pt too wide) in paragraph at lines 48--48
\T1/cmr/m/n/12 Alternativo(A2)[]  
 []


Overfull \hbox (1.8883pt too wide) in paragraph at lines 48--48
\T1/cmr/m/n/12 Alternativo(A2)[]  
 []

> Step: build the whole table.

Overfull \hbox (1.8883pt too wide) in paragraph at lines 48--48
\T1/cmr/m/n/12 Alternativo(A1)[]  
 []


Overfull \hbox (1.8883pt too wide) in paragraph at lines 48--48
\T1/cmr/m/n/12 Alternativo(A1)[]  
 []


Overfull \hbox (1.8883pt too wide) in paragraph at lines 48--48
\T1/cmr/m/n/12 Alternativo(A2)[]  
 []


Overfull \hbox (1.8883pt too wide) in paragraph at lines 48--48
\T1/cmr/m/n/12 Alternativo(A2)[]  
 []

) [28] (./tables/casos_de_uso/gostar_topico.tex
> Step: init table outer spec.
> Step: parse table options.
> Step: split table.
> Step: init table inner spec.
> Step: parse table inner spec.
> Step: execute table commands.
> Step: calculate cell and line sizes.
> Step: build the whole table.
) (./tables/casos_de_uso/registo.tex
> Step: init table outer spec.
> Step: parse table options.
> Step: split table.
> Step: init table inner spec.
> Step: parse table inner spec.
> Step: execute table commands.
> Step: calculate cell and line sizes.
> Step: build the whole table.
) (./tables/casos_de_uso/ativar_conta.tex
> Step: init table outer spec.
> Step: parse table options.
> Step: split table.
> Step: init table inner spec.
> Step: parse table inner spec.
> Step: execute table commands.
> Step: calculate cell and line sizes.
> Step: build the whole table.

Underfull \vbox (badness 10000) has occurred while \output is active []

 [29] [30]) [31] (./tables/casos_de_uso/gostar_comentario.tex
> Step: init table outer spec.
> Step: parse table options.
> Step: split table.
> Step: init table inner spec.
> Step: parse table inner spec.
> Step: execute table commands.
> Step: calculate cell and line sizes.
> Step: build the whole table.
) (./tables/casos_de_uso/config_notificacoes.tex
> Step: init table outer spec.
> Step: parse table options.
> Step: split table.
> Step: init table inner spec.
> Step: parse table inner spec.
> Step: execute table commands.
> Step: calculate cell and line sizes.
> Step: build the whole table.
) [32] (./tables/casos_de_uso/conf_conta.tex
> Step: init table outer spec.
> Step: parse table options.
> Step: split table.
> Step: init table inner spec.
> Step: parse table inner spec.
> Step: execute table commands.
> Step: calculate cell and line sizes.
> Step: build the whole table.
) (./tables/casos_de_uso/rec_humanos.tex
> Step: init table outer spec.
> Step: parse table options.
> Step: split table.
> Step: init table inner spec.
> Step: parse table inner spec.
> Step: execute table commands.
> Step: calculate cell and line sizes.
> Step: build the whole table.

Overfull \hbox (4.51985pt too wide) in paragraph at lines 40--41
 [][] 
 []

)) [33] (./sections/chap3/13.diagramas_casos_uso.tex
<images/diagramas/casos_de_uso/use_case_forum.png, id=757, 565.11125pt x 223.83624pt>
File: images/diagramas/casos_de_uso/use_case_forum.png Graphic file (type png)
<use images/diagramas/casos_de_uso/use_case_forum.png>
Package pdftex.def Info: images/diagramas/casos_de_uso/use_case_forum.png  used on input line 22.
(pdftex.def)             Requested size: 273.14923pt x 108.19499pt.
 [34 <./images/diagramas/casos_de_uso/use_case_forum.png>]
<images/diagramas/casos_de_uso/use_case_topic_details.png, id=763, 483.8075pt x 530.98375pt>
File: images/diagramas/casos_de_uso/use_case_topic_details.png Graphic file (type png)
<use images/diagramas/casos_de_uso/use_case_topic_details.png>
Package pdftex.def Info: images/diagramas/casos_de_uso/use_case_topic_details.png  used on input line 55.
(pdftex.def)             Requested size: 227.62206pt x 249.82166pt.
<images/diagramas/casos_de_uso/use_case_rec_humanos.png, id=764, 309.155pt x 206.7725pt>
File: images/diagramas/casos_de_uso/use_case_rec_humanos.png Graphic file (type png)
<use images/diagramas/casos_de_uso/use_case_rec_humanos.png>
Package pdftex.def Info: images/diagramas/casos_de_uso/use_case_rec_humanos.png  used on input line 124.
(pdftex.def)             Requested size: 227.62206pt x 152.24571pt.
) [35 <./images/diagramas/casos_de_uso/use_case_topic_details.png> <./images/diagramas/casos_de_uso/use_case_rec_humanos.png>] (./sections/chap3/14.diagrama_entidade_relacao.tex
<images/diagramas/diagrama_bd.png, id=771, 797.98125pt x 870.25125pt>
File: images/diagramas/diagrama_bd.png Graphic file (type png)
<use images/diagramas/diagrama_bd.png>
Package pdftex.def Info: images/diagramas/diagrama_bd.png  used on input line 9.
(pdftex.def)             Requested size: 455.24411pt x 496.4733pt.
 [36 <./images/diagramas/diagrama_bd.png>] (./tables/tabela_base_dados.tex
> Step: init table outer spec.
> Step: parse table options.
> Step: split table.
> Step: init table inner spec.
> Step: parse table inner spec.
> Step: execute table commands.
> Step: calculate cell and line sizes.
> Step: build the whole table.
 [37] [38] [39])) [40] (./sections/chap3/15.diagrama_classes.tex
<images/diagramas/diagrama_classes.png, id=794, 1002.74625pt x 695.59875pt>
File: images/diagramas/diagrama_classes.png Graphic file (type png)
<use images/diagramas/diagrama_classes.png>
Package pdftex.def Info: images/diagramas/diagrama_classes.png  used on input line 8.
(pdftex.def)             Requested size: 455.24411pt x 315.79741pt.
) [41 <./images/diagramas/diagrama_classes.png>] (./sections/chap3/16.mockups.tex
<images/mockups/home_screen.png, id=800, 378.41376pt x 813.0375pt>
File: images/mockups/home_screen.png Graphic file (type png)
<use images/mockups/home_screen.png>
Package pdftex.def Info: images/mockups/home_screen.png  used on input line 16.
(pdftex.def)             Requested size: 182.09486pt x 391.23364pt.
 [42 <./images/mockups/home_screen.png>]
<images/mockups/login.png, id=806, 391.4625pt x 844.15375pt>
File: images/mockups/login.png Graphic file (type png)
<use images/mockups/login.png>
Package pdftex.def Info: images/mockups/login.png  used on input line 30.
(pdftex.def)             Requested size: 182.09486pt x 392.66913pt.
<images/mockups/register.png, id=807, 378.41376pt x 813.0375pt>
File: images/mockups/register.png Graphic file (type png)
<use images/mockups/register.png>
Package pdftex.def Info: images/mockups/register.png  used on input line 32.
(pdftex.def)             Requested size: 182.09486pt x 391.23364pt.
 [43 <./images/mockups/login.png> <./images/mockups/register.png>]
<images/mockups/account_confirmation.png, id=814, 378.41376pt x 813.0375pt>
File: images/mockups/account_confirmation.png Graphic file (type png)
<use images/mockups/account_confirmation.png>
Package pdftex.def Info: images/mockups/account_confirmation.png  used on input line 48.
(pdftex.def)             Requested size: 182.09486pt x 391.23364pt.
<images/mockups/account_verification.png, id=815, 378.41376pt x 813.0375pt>
File: images/mockups/account_verification.png Graphic file (type png)
<use images/mockups/account_verification.png>
Package pdftex.def Info: images/mockups/account_verification.png  used on input line 50.
(pdftex.def)             Requested size: 182.09486pt x 391.23364pt.
 [44 <./images/mockups/account_confirmation.png> <./images/mockups/account_verification.png>]
<images/mockups/forum_home.png, id=822, 378.41376pt x 813.0375pt>
File: images/mockups/forum_home.png Graphic file (type png)
<use images/mockups/forum_home.png>
Package pdftex.def Info: images/mockups/forum_home.png  used on input line 66.
(pdftex.def)             Requested size: 227.62206pt x 489.05446pt.
 [45 <./images/mockups/forum_home.png>]
<images/mockups/topic_not_user.png, id=829, 378.41376pt x 816.04875pt>
File: images/mockups/topic_not_user.png Graphic file (type png)
<use images/mockups/topic_not_user.png>
Package pdftex.def Info: images/mockups/topic_not_user.png  used on input line 86.
(pdftex.def)             Requested size: 182.09486pt x 392.68265pt.
<images/mockups/user_topic.png, id=830, 378.41376pt x 816.04875pt>
File: images/mockups/user_topic.png Graphic file (type png)
<use images/mockups/user_topic.png>
Package pdftex.def Info: images/mockups/user_topic.png  used on input line 88.
(pdftex.def)             Requested size: 182.09486pt x 392.68265pt.
 [46 <./images/mockups/topic_not_user.png> <./images/mockups/user_topic.png>]
<images/mockups/forum_create_topic.png, id=837, 378.41376pt x 816.04875pt>
File: images/mockups/forum_create_topic.png Graphic file (type png)
<use images/mockups/forum_create_topic.png>
Package pdftex.def Info: images/mockups/forum_create_topic.png  used on input line 104.
(pdftex.def)             Requested size: 227.62206pt x 490.86577pt.

Underfull \vbox (badness 10000) has occurred while \output is active []

 [47 <./images/mockups/forum_create_topic.png>]
<images/mockups/notifications.png, id=843, 378.41376pt x 816.04875pt>
File: images/mockups/notifications.png Graphic file (type png)
<use images/mockups/notifications.png>
Package pdftex.def Info: images/mockups/notifications.png  used on input line 117.
(pdftex.def)             Requested size: 227.62206pt x 490.86577pt.
 [48 <./images/mockups/notifications.png>]
<images/mockups/user_profile.png, id=849, 378.41376pt x 816.04875pt>
File: images/mockups/user_profile.png Graphic file (type png)
<use images/mockups/user_profile.png>
Package pdftex.def Info: images/mockups/user_profile.png  used on input line 134.
(pdftex.def)             Requested size: 227.62206pt x 490.86577pt.

Underfull \vbox (badness 10000) has occurred while \output is active []

 [49 <./images/mockups/user_profile.png>]
<images/mockups/human_resources.png, id=855, 378.41376pt x 816.04875pt>
File: images/mockups/human_resources.png Graphic file (type png)
<use images/mockups/human_resources.png>
Package pdftex.def Info: images/mockups/human_resources.png  used on input line 147.
(pdftex.def)             Requested size: 227.62206pt x 490.86577pt.
 [50 <./images/mockups/human_resources.png>]
<images/mockups/professional_profile.png, id=861, 378.41376pt x 816.04875pt>
File: images/mockups/professional_profile.png Graphic file (type png)
<use images/mockups/professional_profile.png>
Package pdftex.def Info: images/mockups/professional_profile.png  used on input line 163.
(pdftex.def)             Requested size: 227.62206pt x 490.86577pt.

Underfull \vbox (badness 10000) has occurred while \output is active []

 [51 <./images/mockups/professional_profile.png>]
<images/mockups/account_registering.png, id=868, 378.41376pt x 816.04875pt>
File: images/mockups/account_registering.png Graphic file (type png)
<use images/mockups/account_registering.png>
Package pdftex.def Info: images/mockups/account_registering.png  used on input line 176.
(pdftex.def)             Requested size: 227.62206pt x 490.86577pt.
) [52 <./images/mockups/account_registering.png>] (./sections/chap3/17.diagrama_atividades.tex
<images/diagramas/atividades/diagrama_atividades_forum.png, id=875, 1175.39125pt x 582.175pt>
File: images/diagramas/atividades/diagrama_atividades_forum.png Graphic file (type png)
<use images/diagramas/atividades/diagrama_atividades_forum.png>
Package pdftex.def Info: images/diagramas/atividades/diagrama_atividades_forum.png  used on input line 31.
(pdftex.def)             Requested size: 455.24411pt x 225.48389pt.
 [53 <./images/diagramas/atividades/diagrama_atividades_forum.png>]
<images/diagramas/atividades/diagrama_atividades_criar_tpico.png, id=881, 584.1825pt x 545.03625pt>
File: images/diagramas/atividades/diagrama_atividades_criar_tpico.png Graphic file (type png)
<use images/diagramas/atividades/diagrama_atividades_criar_tpico.png>
Package pdftex.def Info: images/diagramas/atividades/diagrama_atividades_criar_tpico.png  used on input line 51.
(pdftex.def)             Requested size: 318.66948pt x 297.32579pt.
 [54 <./images/diagramas/atividades/diagrama_atividades_criar_tpico.png>]
<images/diagramas/atividades/diagrama_atividades_detalhes_topico.png, id=887, 626.34pt x 691.58376pt>
File: images/diagramas/atividades/diagrama_atividades_detalhes_topico.png Graphic file (type png)
<use images/diagramas/atividades/diagrama_atividades_detalhes_topico.png>
Package pdftex.def Info: images/diagramas/atividades/diagrama_atividades_detalhes_topico.png  used on input line 69.
(pdftex.def)             Requested size: 409.71692pt x 452.405pt.
 [55 <./images/diagramas/atividades/diagrama_atividades_detalhes_topico.png>]
<images/diagramas/atividades/diagrama_atividades_autenticao.png, id=893, 973.6375pt x 722.7pt>
File: images/diagramas/atividades/diagrama_atividades_autenticao.png Graphic file (type png)
<use images/diagramas/atividades/diagrama_atividades_autenticao.png>
Package pdftex.def Info: images/diagramas/atividades/diagrama_atividades_autenticao.png  used on input line 87.
(pdftex.def)             Requested size: 364.19667pt x 270.32813pt.
 [56 <./images/diagramas/atividades/diagrama_atividades_autenticao.png>]
<images/diagramas/atividades/diagrama_atividades_perfil.png, id=899, 1128.215pt x 417.56pt>
File: images/diagramas/atividades/diagrama_atividades_perfil.png Graphic file (type png)
<use images/diagramas/atividades/diagrama_atividades_perfil.png>
Package pdftex.def Info: images/diagramas/atividades/diagrama_atividades_perfil.png  used on input line 117.
(pdftex.def)             Requested size: 455.24411pt x 168.48647pt.
) [57 <./images/diagramas/atividades/diagrama_atividades_perfil.png>] (./sections/chap3/18.diagrama_estados.tex
<images/diagramas/estados/criar_topico.png, id=906, 893.3375pt x 470.75874pt>
File: images/diagramas/estados/criar_topico.png Graphic file (type png)
<use images/diagramas/estados/criar_topico.png>
Package pdftex.def Info: images/diagramas/estados/criar_topico.png  used on input line 20.
(pdftex.def)             Requested size: 409.71692pt x 215.91234pt.
 [58 <./images/diagramas/estados/criar_topico.png>]
<images/diagramas/estados/responder_topico_tecnico.png, id=912, 592.2125pt x 416.55624pt>
File: images/diagramas/estados/responder_topico_tecnico.png Graphic file (type png)
<use images/diagramas/estados/responder_topico_tecnico.png>
Package pdftex.def Info: images/diagramas/estados/responder_topico_tecnico.png  used on input line 40.
(pdftex.def)             Requested size: 318.66948pt x 224.15521pt.
 [59 <./images/diagramas/estados/responder_topico_tecnico.png>]
<images/diagramas/estados/autenticacao.png, id=918, 671.50874pt x 487.8225pt>
File: images/diagramas/estados/autenticacao.png Graphic file (type png)
<use images/diagramas/estados/autenticacao.png>
Package pdftex.def Info: images/diagramas/estados/autenticacao.png  used on input line 59.
(pdftex.def)             Requested size: 318.66948pt x 231.50223pt.
) [60 <./images/diagramas/estados/autenticacao.png>] (./sections/chap3/19.diagrama_sequencia.tex
<images/diagramas/sequencia/diagrama_login.png, id=925, 756.8275pt x 982.67125pt>
File: images/diagramas/sequencia/diagrama_login.png Graphic file (type png)
<use images/diagramas/sequencia/diagrama_login.png>
Package pdftex.def Info: images/diagramas/sequencia/diagrama_login.png  used on input line 23.
(pdftex.def)             Requested size: 305.01271pt x 396.03041pt.
 [61 <./images/diagramas/sequencia/diagrama_login.png>]
<images/diagramas/sequencia/diagrama_registo.png, id=932, 888.31876pt x 826.08624pt>
File: images/diagramas/sequencia/diagrama_registo.png Graphic file (type png)
<use images/diagramas/sequencia/diagrama_registo.png>
Package pdftex.def Info: images/diagramas/sequencia/diagrama_registo.png  used on input line 42.
(pdftex.def)             Requested size: 364.19667pt x 338.67233pt.
 [62 <./images/diagramas/sequencia/diagrama_registo.png>]
<images/diagramas/sequencia/registo_tecnico.png, id=939, 1204.5pt x 557.08125pt>
File: images/diagramas/sequencia/registo_tecnico.png Graphic file (type png)
<use images/diagramas/sequencia/registo_tecnico.png>
Package pdftex.def Info: images/diagramas/sequencia/registo_tecnico.png  used on input line 57.
(pdftex.def)             Requested size: 364.19667pt x 168.44322pt.
)) (./chap4.tex [63 <./images/diagramas/sequencia/registo_tecnico.png>] [64

]
Cap\'{\i }tulo 4.
<images/Arquiteturas/arquitetura_de_solucao.png, id=951, 543.02875pt x 131.49126pt>
File: images/Arquiteturas/arquitetura_de_solucao.png Graphic file (type png)
<use images/Arquiteturas/arquitetura_de_solucao.png>
Package pdftex.def Info: images/Arquiteturas/arquitetura_de_solucao.png  used on input line 11.
(pdftex.def)             Requested size: 455.24411pt x 110.23921pt.
[65 <./images/Arquiteturas/arquitetura_de_solucao.png>]
<images/Arquiteturas/arquitetura_funcional.png, id=958, 1614.03pt x 443.6575pt>
File: images/Arquiteturas/arquitetura_funcional.png Graphic file (type png)
<use images/Arquiteturas/arquitetura_funcional.png>
Package pdftex.def Info: images/Arquiteturas/arquitetura_funcional.png  used on input line 43.
(pdftex.def)             Requested size: 455.24411pt x 125.13715pt.
 [66 <./images/Arquiteturas/arquitetura_funcional.png>]
<images/Arquiteturas/arquitetura_de_componentes_final.png, id=964, 645.41125pt x 502.87875pt>
File: images/Arquiteturas/arquitetura_de_componentes_final.png Graphic file (type png)
<use images/Arquiteturas/arquitetura_de_componentes_final.png>
Package pdftex.def Info: images/Arquiteturas/arquitetura_de_componentes_final.png  used on input line 57.
(pdftex.def)             Requested size: 318.66948pt x 248.2927pt.
 (./tables/tabela_endpoints.tex
> Step: init table outer spec.
> Step: parse table options.
> Step: split table.
> Step: init table inner spec.
> Step: parse table inner spec.
> Step: execute table commands.
> Step: calculate cell and line sizes.


Package tabularray Warning: Table width is too small, need 16.94412pt more!

> Step: build the whole table.

Overfull \hbox (16.94412pt too wide) detected at line 34
 [] 
 []

[67 <./images/Arquiteturas/arquitetura_de_componentes_final.png>]
Overfull \hbox (16.94412pt too wide) detected at line 34
 [] 
 []

) [68])
No file main.bbl.
[69] (./main.aux)

LaTeX Warning: There were multiply-defined labels.

Package rerunfilecheck Info: File `main.out' has not changed.
(rerunfilecheck)             Checksum: E7C4D92D4478FAB4C5DC9BBB792D6AD1;17153.
 ) 
Here is how much of TeX's memory you used:
 25836 strings out of 478287
 505806 string characters out of 5849290
 1127950 words of memory out of 5000000
 43267 multiletter control sequences out of 15000+600000
 518781 words of font info for 101 fonts, out of 8000000 for 9000
 1141 hyphenation exceptions out of 8191
 106i,8n,118p,1179b,1315s stack positions out of 5000i,500n,10000p,200000b,80000s
{/usr/share/texmf/fonts/enc/dvips/cm-super/cm-super-ts1.enc}{/usr/share/texmf/fonts/enc/dvips/cm-super/cm-super-t1.enc}</usr/share/texmf/fonts/type1/public/cm-super/sfbx1200.pfb></usr/share/texmf/fonts/type1/public/cm-super/sfbx1440.pfb></usr/share/texmf/fonts/type1/public/cm-super/sfbx1728.pfb></usr/share/texmf/fonts/type1/public/cm-super/sfbx2488.pfb></usr/share/texmf/fonts/type1/public/cm-super/sfcc1200.pfb></usr/share/texmf/fonts/type1/public/cm-super/sfrm1095.pfb></usr/share/texmf/fonts/type1/public/cm-super/sfrm1200.pfb></usr/share/texmf/fonts/type1/public/cm-super/sfrm1440.pfb></usr/share/texmf/fonts/type1/public/cm-super/sfrm2074.pfb></usr/share/texmf/fonts/type1/public/cm-super/sfsl1200.pfb>
Output written on main.pdf (85 pages, 2158933 bytes).
PDF statistics:
 1083 PDF objects out of 1200 (max. 8388607)
 876 compressed objects within 9 object streams
 228 named destinations out of 1000 (max. 500000)
 834 words of extra memory for PDF output out of 10000 (max. 10000000)

