\BOOKMARK [0][-]{chapter.1}{\376\377\000I\000n\000t\000r\000o\000d\000u\000\347\000\343\000o}{}% 1
\BOOKMARK [1][-]{section.1.1}{\376\377\000O\000b\000j\000e\000t\000i\000v\000o\000s}{chapter.1}% 2
\BOOKMARK [1][-]{section.1.2}{\376\377\000C\000o\000n\000t\000e\000x\000t\000o}{chapter.1}% 3
\BOOKMARK [1][-]{section.1.3}{\376\377\000E\000s\000t\000r\000u\000t\000u\000r\000a\000\040\000d\000o\000\040\000d\000o\000c\000u\000m\000e\000n\000t\000o}{chapter.1}% 4
\BOOKMARK [0][-]{chapter.2}{\376\377\000M\000e\000t\000o\000d\000o\000l\000o\000g\000i\000a\000\040\000d\000e\000\040\000T\000r\000a\000b\000a\000l\000h\000o}{}% 5
\BOOKMARK [1][-]{section.2.1}{\376\377\000F\000e\000r\000r\000a\000m\000e\000n\000t\000a\000s\000\040\000d\000e\000\040\000t\000r\000a\000b\000a\000l\000h\000o\000\040\000u\000t\000i\000l\000i\000z\000a\000d\000a\000s}{chapter.2}% 6
\BOOKMARK [1][-]{section.2.2}{\376\377\000P\000l\000a\000n\000i\000f\000i\000c\000a\000\347\000\343\000o\000\040\000d\000o\000\040\000t\000r\000a\000b\000a\000l\000h\000o}{chapter.2}% 7
\BOOKMARK [0][-]{chapter.3}{\376\377\000P\000r\000o\000p\000o\000s\000t\000a\000\040\000d\000e\000\040\000s\000i\000s\000t\000e\000m\000a}{}% 8
\BOOKMARK [1][-]{section.3.1}{\376\377\000M\000o\000d\000e\000l\000o\000\040\000d\000e\000\040\000n\000e\000g\000\363\000c\000i\000o}{chapter.3}% 9
\BOOKMARK [1][-]{section.3.2}{\376\377\000O\000b\000j\000e\000t\000i\000v\000o\000s\000\040\000d\000e\000\040\000n\000e\000g\000\363\000c\000i\000o}{chapter.3}% 10
\BOOKMARK [1][-]{section.3.3}{\376\377\000D\000o\000m\000\355\000n\000i\000o\000\040\000d\000e\000\040\000a\000p\000l\000i\000c\000a\000\347\000\343\000o\000\040\000d\000o\000\040\000s\000i\000s\000t\000e\000m\000a}{chapter.3}% 11
\BOOKMARK [1][-]{section.3.4}{\376\377\000O\000p\000e\000r\000a\000\347\000\365\000e\000s\000\040\000a\000\040\000r\000e\000a\000l\000i\000z\000a\000r\000\040\000n\000o\000\040\000s\000i\000s\000t\000e\000m\000a}{chapter.3}% 12
\BOOKMARK [1][-]{section.3.5}{\376\377\000D\000e\000s\000c\000r\000i\000\347\000\343\000o\000\040\000d\000o\000s\000\040\000i\000n\000t\000e\000r\000v\000e\000n\000i\000e\000n\000t\000e\000s}{chapter.3}% 13
\BOOKMARK [1][-]{section.3.6}{\376\377\000P\000a\000r\000t\000e\000s\000\040\000I\000n\000t\000e\000r\000e\000s\000s\000a\000d\000a\000s}{chapter.3}% 14
\BOOKMARK [1][-]{section.3.7}{\376\377\000C\000o\000n\000d\000i\000\347\000\365\000e\000s\000\040\000E\000s\000p\000e\000c\000\355\000f\000i\000c\000a\000s}{chapter.3}% 15
\BOOKMARK [1][-]{section.3.8}{\376\377\000E\000s\000q\000u\000e\000m\000a\000t\000i\000z\000a\000\347\000\343\000o\000\040\000d\000o\000\040\000c\000o\000n\000t\000e\000\372\000d\000o\000\040\000d\000a\000s\000\040\000p\000\341\000g\000i\000n\000a\000s}{chapter.3}% 16
\BOOKMARK [2][-]{subsection.3.8.1}{\376\377\000A\000u\000t\000e\000n\000t\000i\000c\000a\000\347\000\343\000o\000\040\000e\000\040\000p\000\341\000g\000i\000n\000a\000\040\000I\000n\000i\000c\000i\000a\000l}{section.3.8}% 17
\BOOKMARK [2][-]{subsection.3.8.2}{\376\377\000F\000\363\000r\000u\000m}{section.3.8}% 18
\BOOKMARK [2][-]{subsection.3.8.3}{\376\377\000C\000r\000i\000a\000r\000\040\000n\000o\000v\000o\000\040\000t\000\363\000p\000i\000c\000o}{section.3.8}% 19
\BOOKMARK [2][-]{subsection.3.8.4}{\376\377\000D\000e\000t\000a\000l\000h\000e\000s\000\040\000d\000e\000\040\000t\000\363\000p\000i\000c\000o}{section.3.8}% 20
\BOOKMARK [2][-]{subsection.3.8.5}{\376\377\000P\000e\000s\000q\000u\000i\000s\000a\000\040\000d\000e\000\040\000t\000\363\000p\000i\000c\000o\000s}{section.3.8}% 21
\BOOKMARK [2][-]{subsection.3.8.6}{\376\377\000N\000o\000t\000i\000f\000i\000c\000a\000\347\000\365\000e\000s}{section.3.8}% 22
\BOOKMARK [2][-]{subsection.3.8.7}{\376\377\000P\000e\000r\000f\000i\000l}{section.3.8}% 23
\BOOKMARK [2][-]{subsection.3.8.8}{\376\377\000G\000e\000s\000t\000\343\000o\000\040\000d\000e\000\040\000r\000e\000c\000u\000r\000s\000o\000s\000\040\000h\000u\000m\000a\000n\000o\000s}{section.3.8}% 24
\BOOKMARK [1][-]{section.3.9}{\376\377\000H\000i\000s\000t\000\363\000r\000i\000a\000s\000\040\000d\000e\000\040\000U\000t\000i\000l\000i\000z\000a\000d\000o\000r}{chapter.3}% 25
\BOOKMARK [1][-]{section.3.10}{\376\377\000C\000a\000s\000o\000s\000\040\000d\000e\000\040\000u\000s\000o}{chapter.3}% 26
\BOOKMARK [2][-]{subsection.3.10.1}{\376\377\000E\000s\000p\000e\000c\000i\000f\000i\000c\000a\000\347\000\343\000o\000\040\000d\000e\000\040\000c\000a\000s\000o\000s\000\040\000d\000e\000\040\000u\000s\000o}{section.3.10}% 27
\BOOKMARK [3][-]{subsubsection.3.10.1.1}{\376\377\000E\000s\000p\000e\000c\000i\000f\000i\000c\000a\000\347\000\343\000o\000\040\000d\000e\000\040\000c\000a\000s\000o\000\040\000d\000e\000\040\000u\000s\000o\000\040\000d\000e\000\040\000c\000r\000i\000a\000r\000\040\000n\000o\000v\000o\000\040\000t\000\363\000p\000i\000c\000o}{subsection.3.10.1}% 28
\BOOKMARK [3][-]{subsubsection.3.10.1.2}{\376\377\000E\000s\000p\000e\000c\000i\000f\000i\000c\000a\000\347\000\343\000o\000\040\000d\000e\000\040\000c\000a\000s\000o\000\040\000d\000e\000\040\000u\000s\000o\000\040\000d\000e\000\040\000p\000e\000s\000q\000u\000i\000s\000a\000r\000\040\000t\000\363\000p\000i\000c\000o\000s\000\040\000p\000o\000r\000\040\000e\000s\000c\000r\000i\000t\000o}{subsection.3.10.1}% 29
\BOOKMARK [3][-]{subsubsection.3.10.1.3}{\376\377\000E\000s\000p\000e\000c\000i\000f\000i\000c\000a\000\347\000\343\000o\000\040\000d\000e\000\040\000c\000a\000s\000o\000\040\000d\000e\000\040\000u\000s\000o\000\040\000d\000e\000\040\000p\000e\000s\000q\000u\000i\000s\000a\000r\000\040\000t\000\363\000p\000i\000c\000o\000s\000\040\000p\000o\000r\000\040\000c\000\363\000d\000i\000g\000o\000\040\000Q\000R}{subsection.3.10.1}% 30
\BOOKMARK [3][-]{subsubsection.3.10.1.4}{\376\377\000E\000s\000p\000e\000c\000i\000f\000i\000c\000a\000\347\000\343\000o\000\040\000d\000e\000\040\000c\000a\000s\000o\000\040\000d\000e\000\040\000u\000s\000o\000\040\000d\000e\000\040\000l\000i\000s\000t\000a\000g\000e\000m\000\040\000d\000e\000\040\000t\000\363\000p\000i\000c\000o\000s}{subsection.3.10.1}% 31
\BOOKMARK [3][-]{subsubsection.3.10.1.5}{\376\377\000E\000s\000p\000e\000c\000i\000f\000i\000c\000a\000\347\000\343\000o\000\040\000d\000e\000\040\000c\000a\000s\000o\000\040\000d\000e\000\040\000u\000s\000o\000\040\000d\000e\000\040\000v\000e\000r\000\040\000f\000i\000n\000a\000l\000i\000z\000a\000r\000\040\000t\000\363\000p\000i\000c\000o}{subsection.3.10.1}% 32
\BOOKMARK [3][-]{subsubsection.3.10.1.6}{\376\377\000E\000s\000p\000e\000c\000i\000f\000i\000c\000a\000\347\000\343\000o\000\040\000d\000e\000\040\000c\000a\000s\000o\000\040\000d\000e\000\040\000u\000s\000o\000\040\000d\000e\000\040\000s\000e\000l\000e\000c\000i\000o\000n\000a\000r\000\040\000m\000e\000l\000h\000o\000r\000\040\000r\000e\000s\000p\000o\000s\000t\000a}{subsection.3.10.1}% 33
\BOOKMARK [3][-]{subsubsection.3.10.1.7}{\376\377\000E\000s\000p\000e\000c\000i\000f\000i\000c\000a\000\347\000\343\000o\000\040\000d\000e\000\040\000c\000a\000s\000o\000\040\000d\000e\000\040\000u\000s\000o\000\040\000d\000e\000\040\000e\000l\000i\000m\000i\000n\000a\000r\000\040\000t\000\363\000p\000i\000c\000o}{subsection.3.10.1}% 34
\BOOKMARK [3][-]{subsubsection.3.10.1.8}{\376\377\000E\000s\000p\000e\000c\000i\000f\000i\000c\000a\000\347\000\343\000o\000\040\000d\000e\000\040\000c\000a\000s\000o\000\040\000d\000e\000\040\000u\000s\000o\000\040\000d\000e\000\040\000a\000l\000t\000e\000r\000a\000r\000\040\000v\000i\000s\000i\000b\000i\000l\000i\000d\000a\000d\000e\000\040\000d\000e\000\040\000u\000m\000\040\000t\000\363\000p\000i\000c\000o}{subsection.3.10.1}% 35
\BOOKMARK [3][-]{subsubsection.3.10.1.9}{\376\377\000E\000s\000p\000e\000c\000i\000f\000i\000c\000a\000\347\000\343\000o\000\040\000d\000e\000\040\000c\000a\000s\000o\000\040\000d\000e\000\040\000u\000s\000o\000\040\000d\000e\000\040\000c\000o\000m\000e\000n\000t\000a\000r\000\040\000t\000\363\000p\000i\000c\000o}{subsection.3.10.1}% 36
\BOOKMARK [3][-]{subsubsection.3.10.1.10}{\376\377\000E\000s\000p\000e\000c\000i\000f\000i\000c\000a\000\347\000\343\000o\000\040\000d\000e\000\040\000c\000a\000s\000o\000\040\000d\000e\000\040\000u\000s\000o\000\040\000g\000o\000s\000t\000a\000r\000\040\000d\000e\000\040\000u\000m\000\040\000t\000\363\000p\000i\000c\000o}{subsection.3.10.1}% 37
\BOOKMARK [3][-]{subsubsection.3.10.1.11}{\376\377\000E\000s\000p\000e\000c\000i\000f\000i\000c\000a\000\347\000\343\000o\000\040\000d\000e\000\040\000c\000a\000s\000o\000\040\000d\000e\000\040\000u\000s\000o\000\040\000p\000e\000d\000i\000r\000\040\000r\000e\000e\000n\000v\000i\000o\000\040\000d\000e\000\040\000c\000\363\000d\000i\000g\000o\000\040\000d\000e\000\040\000v\000e\000r\000i\000f\000i\000c\000a\000\347\000\343\000o}{subsection.3.10.1}% 38
\BOOKMARK [3][-]{subsubsection.3.10.1.12}{\376\377\000E\000s\000p\000e\000c\000i\000f\000i\000c\000a\000\347\000\343\000o\000\040\000d\000e\000\040\000c\000a\000s\000o\000\040\000d\000e\000\040\000u\000s\000o\000\040\000r\000e\000g\000i\000s\000t\000o}{subsection.3.10.1}% 39
\BOOKMARK [3][-]{subsubsection.3.10.1.13}{\376\377\000E\000s\000p\000e\000c\000i\000f\000i\000c\000a\000\347\000\343\000o\000\040\000d\000e\000\040\000c\000a\000s\000o\000\040\000d\000e\000\040\000u\000s\000o\000\040\000l\000o\000g\000i\000n}{subsection.3.10.1}% 40
\BOOKMARK [3][-]{subsubsection.3.10.1.14}{\376\377\000E\000s\000p\000e\000c\000i\000f\000i\000c\000a\000\347\000\343\000o\000\040\000d\000e\000\040\000c\000a\000s\000o\000\040\000d\000e\000\040\000u\000s\000o\000\040\000a\000t\000i\000v\000a\000r\000\040\000c\000o\000n\000t\000a}{subsection.3.10.1}% 41
\BOOKMARK [3][-]{subsubsection.3.10.1.15}{\376\377\000E\000s\000p\000e\000c\000i\000f\000i\000c\000a\000\347\000\343\000o\000\040\000d\000e\000\040\000c\000a\000s\000o\000\040\000d\000e\000\040\000u\000s\000o\000\040\000a\000p\000a\000g\000a\000r\000\040\000c\000o\000m\000e\000n\000t\000\341\000r\000i\000o}{subsection.3.10.1}% 42
\BOOKMARK [3][-]{subsubsection.3.10.1.16}{\376\377\000E\000s\000p\000e\000c\000i\000f\000i\000c\000a\000\347\000\343\000o\000\040\000d\000e\000\040\000c\000a\000s\000o\000\040\000d\000e\000\040\000u\000s\000o\000\040\000r\000e\000s\000p\000o\000n\000d\000e\000r\000\040\000a\000\040\000c\000o\000m\000e\000n\000t\000\341\000r\000i\000o}{subsection.3.10.1}% 43
\BOOKMARK [3][-]{subsubsection.3.10.1.17}{\376\377\000E\000s\000p\000e\000c\000i\000f\000i\000c\000a\000\347\000\343\000o\000\040\000d\000e\000\040\000c\000a\000s\000o\000\040\000d\000e\000\040\000u\000s\000o\000\040\000g\000o\000s\000t\000a\000r\000\040\000d\000e\000\040\000u\000m\000\040\000c\000o\000m\000e\000n\000t\000\341\000r\000i\000o}{subsection.3.10.1}% 44
\BOOKMARK [3][-]{subsubsection.3.10.1.18}{\376\377\000E\000s\000p\000e\000c\000i\000f\000i\000c\000a\000\347\000\343\000o\000\040\000d\000e\000\040\000c\000a\000s\000o\000\040\000d\000e\000\040\000u\000s\000o\000\040\000v\000e\000r\000\040\000p\000e\000r\000f\000i\000l}{subsection.3.10.1}% 45
\BOOKMARK [3][-]{subsubsection.3.10.1.19}{\376\377\000E\000s\000p\000e\000c\000i\000f\000i\000c\000a\000\347\000\343\000o\000\040\000d\000e\000\040\000c\000a\000s\000o\000\040\000d\000e\000\040\000u\000s\000o\000\040\000v\000e\000r\000\040\000n\000o\000t\000i\000f\000i\000c\000a\000\347\000\365\000e\000s}{subsection.3.10.1}% 46
\BOOKMARK [3][-]{subsubsection.3.10.1.20}{\376\377\000E\000s\000p\000e\000c\000i\000f\000i\000c\000a\000\347\000\343\000o\000\040\000d\000e\000\040\000c\000a\000s\000o\000\040\000d\000e\000\040\000u\000s\000o\000\040\000c\000o\000n\000f\000i\000g\000u\000r\000a\000r\000\040\000n\000o\000t\000i\000f\000i\000c\000a\000\347\000\365\000e\000s}{subsection.3.10.1}% 47
\BOOKMARK [3][-]{subsubsection.3.10.1.21}{\376\377\000E\000s\000p\000e\000c\000i\000f\000i\000c\000a\000\347\000\343\000o\000\040\000d\000e\000\040\000c\000a\000s\000o\000\040\000d\000e\000\040\000u\000s\000o\000\040\000c\000o\000n\000f\000i\000r\000m\000a\000r\000\040\000c\000o\000n\000t\000a}{subsection.3.10.1}% 48
\BOOKMARK [3][-]{subsubsection.3.10.1.22}{\376\377\000E\000s\000p\000e\000c\000i\000f\000i\000c\000a\000\347\000\343\000o\000\040\000d\000e\000\040\000c\000a\000s\000o\000\040\000d\000e\000\040\000u\000s\000o\000\040\000r\000e\000g\000i\000s\000t\000a\000r\000\040\000t\000\351\000c\000n\000i\000c\000o}{subsection.3.10.1}% 49
\BOOKMARK [2][-]{subsection.3.10.2}{\376\377\000D\000i\000a\000g\000r\000a\000m\000a\000s\000\040\000d\000e\000\040\000c\000a\000s\000o\000s\000\040\000d\000e\000\040\000u\000s\000o}{section.3.10}% 50
\BOOKMARK [3][-]{subsubsection.3.10.2.1}{\376\377\000C\000a\000s\000o\000s\000\040\000d\000e\000\040\000u\000s\000o\000\040\000F\000\363\000r\000u\000m}{subsection.3.10.2}% 51
\BOOKMARK [3][-]{subsubsection.3.10.2.2}{\376\377\000C\000a\000s\000o\000s\000\040\000d\000e\000\040\000u\000s\000o\000\040\000d\000e\000\040\000p\000e\000s\000q\000u\000i\000s\000a\000r\000\040\000t\000\363\000p\000i\000c\000o\000s}{subsection.3.10.2}% 52
\BOOKMARK [3][-]{subsubsection.3.10.2.3}{\376\377\000C\000a\000s\000o\000s\000\040\000d\000e\000\040\000u\000s\000o\000\040\000v\000e\000r\000\040\000d\000e\000t\000a\000l\000h\000e\000s\000\040\000d\000e\000\040\000t\000\363\000p\000i\000c\000o}{subsection.3.10.2}% 53
\BOOKMARK [3][-]{subsubsection.3.10.2.4}{\376\377\000C\000a\000s\000o\000s\000\040\000d\000e\000\040\000u\000s\000o\000\040\000v\000e\000r\000\040\000c\000o\000m\000e\000n\000t\000\341\000r\000i\000o\000s}{subsection.3.10.2}% 54
\BOOKMARK [3][-]{subsubsection.3.10.2.5}{\376\377\000C\000a\000s\000o\000s\000\040\000d\000e\000\040\000u\000s\000o\000\040\000a\000t\000i\000v\000a\000\347\000\343\000o\000\040\000d\000e\000\040\000c\000o\000n\000t\000a}{subsection.3.10.2}% 55
\BOOKMARK [3][-]{subsubsection.3.10.2.6}{\376\377\000C\000a\000s\000o\000s\000\040\000d\000e\000\040\000u\000s\000o\000\040\000p\000e\000r\000f\000i\000l}{subsection.3.10.2}% 56
\BOOKMARK [3][-]{subsubsection.3.10.2.7}{\376\377\000C\000a\000s\000o\000s\000\040\000d\000e\000\040\000u\000s\000o\000\040\000n\000o\000t\000i\000f\000i\000c\000a\000\347\000\365\000e\000s}{subsection.3.10.2}% 57
\BOOKMARK [3][-]{subsubsection.3.10.2.8}{\376\377\000C\000a\000s\000o\000s\000\040\000d\000e\000\040\000u\000s\000o\000\040\000g\000e\000s\000t\000\343\000o\000\040\000d\000e\000\040\000r\000e\000c\000u\000r\000s\000o\000s\000\040\000h\000u\000m\000a\000n\000o\000s}{subsection.3.10.2}% 58
\BOOKMARK [1][-]{section.3.11}{\376\377\000D\000i\000a\000g\000r\000a\000m\000a\000\040\000E\000n\000t\000i\000d\000a\000d\000e\000\040\000R\000e\000l\000a\000\347\000\343\000o}{chapter.3}% 59
\BOOKMARK [2][-]{subsection.3.11.1}{\376\377\000D\000i\000c\000i\000o\000n\000\341\000r\000i\000o\000\040\000d\000e\000\040\000t\000e\000r\000m\000o\000s}{section.3.11}% 60
\BOOKMARK [1][-]{section.3.12}{\376\377\000D\000i\000a\000g\000r\000a\000m\000a\000\040\000d\000e\000\040\000C\000l\000a\000s\000s\000e\000s}{chapter.3}% 61
\BOOKMARK [1][-]{section.3.13}{\376\377\000M\000o\000c\000k\000u\000p\000s}{chapter.3}% 62
\BOOKMARK [2][-]{subsection.3.13.1}{\376\377\000P\000\341\000g\000i\000n\000a\000\040\000I\000n\000i\000c\000i\000a\000l}{section.3.13}% 63
\BOOKMARK [2][-]{subsection.3.13.2}{\376\377\000A\000u\000t\000e\000n\000t\000i\000c\000a\000\347\000\343\000o\000\040\000-\000\040\000L\000o\000g\000i\000n\000\040\000e\000\040\000R\000e\000g\000i\000s\000t\000o}{section.3.13}% 64
\BOOKMARK [2][-]{subsection.3.13.3}{\376\377\000A\000u\000t\000e\000n\000t\000i\000c\000a\000\347\000\343\000o\000\040\000-\000\040\000A\000t\000i\000v\000a\000\347\000\343\000o\000\040\000e\000\040\000C\000o\000n\000f\000i\000r\000m\000a\000\347\000\343\000o\000\040\000d\000e\000\040\000c\000o\000n\000t\000a}{section.3.13}% 65
\BOOKMARK [2][-]{subsection.3.13.4}{\376\377\000P\000\341\000g\000i\000n\000a\000\040\000i\000n\000i\000c\000i\000a\000l\000\040\000f\000\363\000r\000u\000m}{section.3.13}% 66
\BOOKMARK [2][-]{subsection.3.13.5}{\376\377\000P\000\341\000g\000i\000n\000a\000\040\000d\000e\000\040\000d\000e\000t\000a\000l\000h\000e\000s\000\040\000d\000e\000\040\000u\000m\000\040\000t\000\363\000p\000i\000c\000o}{section.3.13}% 67
\BOOKMARK [2][-]{subsection.3.13.6}{\376\377\000P\000\341\000g\000i\000n\000a\000\040\000d\000e\000\040\000c\000r\000i\000a\000\347\000\343\000o\000\040\000d\000e\000\040\000u\000m\000\040\000t\000\363\000p\000i\000c\000o}{section.3.13}% 68
\BOOKMARK [2][-]{subsection.3.13.7}{\376\377\000P\000\341\000g\000i\000n\000a\000\040\000d\000e\000\040\000n\000o\000t\000i\000f\000i\000c\000a\000\347\000\365\000e\000s}{section.3.13}% 69
\BOOKMARK [2][-]{subsection.3.13.8}{\376\377\000P\000\341\000g\000i\000n\000a\000\040\000d\000e\000\040\000p\000e\000r\000f\000i\000l\000\040\000d\000e\000\040\000u\000t\000i\000l\000i\000z\000a\000d\000o\000r}{section.3.13}% 70
\BOOKMARK [2][-]{subsection.3.13.9}{\376\377\000P\000\341\000g\000i\000n\000a\000\040\000d\000e\000\040\000g\000e\000s\000t\000\343\000o\000\040\000d\000e\000\040\000r\000e\000c\000u\000r\000s\000o\000s\000\040\000h\000u\000m\000a\000n\000o\000s}{section.3.13}% 71
\BOOKMARK [2][-]{subsection.3.13.10}{\376\377\000P\000\341\000g\000i\000n\000a\000\040\000d\000e\000\040\000p\000e\000r\000f\000i\000l\000\040\000d\000e\000\040\000t\000\351\000c\000n\000i\000c\000o\000\040\000r\000e\000g\000i\000s\000t\000a\000d\000o}{section.3.13}% 72
\BOOKMARK [2][-]{subsection.3.13.11}{\376\377\000P\000\341\000g\000i\000n\000a\000\040\000d\000e\000\040\000r\000e\000g\000i\000s\000t\000o\000\040\000d\000e\000\040\000n\000o\000v\000o\000\040\000t\000\351\000c\000n\000i\000c\000o}{section.3.13}% 73
\BOOKMARK [1][-]{section.3.14}{\376\377\000D\000i\000a\000g\000r\000a\000m\000a\000s\000\040\000d\000e\000\040\000a\000t\000i\000v\000i\000d\000a\000d\000e\000s}{chapter.3}% 74
\BOOKMARK [2][-]{subsection.3.14.1}{\376\377\000D\000i\000a\000g\000r\000a\000m\000a\000\040\000d\000e\000\040\000a\000t\000i\000v\000i\000d\000a\000d\000e\000s\000\040\000p\000\341\000g\000i\000n\000a\000\040\000i\000n\000i\000c\000i\000a\000l}{section.3.14}% 75
\BOOKMARK [2][-]{subsection.3.14.2}{\376\377\000D\000i\000a\000g\000r\000a\000m\000a\000\040\000d\000e\000\040\000a\000t\000i\000v\000i\000d\000a\000d\000e\000s\000\040\000p\000\341\000g\000i\000n\000a\000\040\000i\000n\000i\000c\000i\000a\000l\000\040\000d\000o\000\040\000f\000\363\000r\000u\000m}{section.3.14}% 76
\BOOKMARK [2][-]{subsection.3.14.3}{\376\377\000D\000i\000a\000g\000r\000a\000m\000a\000\040\000d\000e\000\040\000a\000t\000i\000v\000i\000d\000a\000d\000e\000s\000\040\000p\000\341\000g\000i\000n\000a\000\040\000d\000e\000\040\000c\000r\000i\000a\000\347\000\343\000o\000\040\000d\000e\000\040\000t\000\363\000p\000i\000c\000o}{section.3.14}% 77
\BOOKMARK [2][-]{subsection.3.14.4}{\376\377\000D\000i\000a\000g\000r\000a\000m\000a\000\040\000d\000e\000\040\000a\000t\000i\000v\000i\000d\000a\000d\000e\000s\000\040\000p\000\341\000g\000i\000n\000a\000\040\000d\000e\000\040\000d\000e\000t\000a\000l\000h\000e\000s\000\040\000d\000o\000\040\000t\000\363\000p\000i\000c\000o}{section.3.14}% 78
\BOOKMARK [2][-]{subsection.3.14.5}{\376\377\000D\000i\000a\000g\000r\000a\000m\000a\000\040\000d\000e\000\040\000a\000t\000i\000v\000i\000d\000a\000d\000e\000s\000\040\000p\000\341\000g\000i\000n\000a\000s\000\040\000d\000e\000\040\000a\000u\000t\000e\000n\000t\000i\000c\000a\000\347\000\343\000o}{section.3.14}% 79
\BOOKMARK [2][-]{subsection.3.14.6}{\376\377\000D\000i\000a\000g\000r\000a\000m\000a\000\040\000d\000e\000\040\000a\000t\000i\000v\000i\000d\000a\000d\000e\000s\000\040\000p\000\341\000g\000i\000n\000a\000\040\000d\000e\000\040\000n\000o\000t\000i\000f\000i\000c\000a\000\347\000\365\000e\000s}{section.3.14}% 80
\BOOKMARK [2][-]{subsection.3.14.7}{\376\377\000D\000i\000a\000g\000r\000a\000m\000a\000\040\000d\000e\000\040\000a\000t\000i\000v\000i\000d\000a\000d\000e\000s\000\040\000p\000\341\000g\000i\000n\000a\000\040\000d\000e\000\040\000p\000e\000r\000f\000i\000l}{section.3.14}% 81
\BOOKMARK [2][-]{subsection.3.14.8}{\376\377\000D\000i\000a\000g\000r\000a\000m\000a\000\040\000d\000e\000\040\000a\000t\000i\000v\000i\000d\000a\000d\000e\000s\000\040\000g\000e\000s\000t\000\343\000o\000\040\000d\000e\000\040\000r\000e\000c\000u\000r\000s\000o\000s\000\040\000h\000u\000m\000a\000n\000o\000s}{section.3.14}% 82
\BOOKMARK [2][-]{subsection.3.14.9}{\376\377\000D\000i\000a\000g\000r\000a\000m\000a\000\040\000d\000e\000\040\000a\000t\000i\000v\000i\000d\000a\000d\000e\000s\000\040\000p\000e\000r\000f\000i\000l\000\040\000d\000e\000\040\000t\000\351\000c\000n\000i\000c\000o}{section.3.14}% 83
\BOOKMARK [2][-]{subsection.3.14.10}{\376\377\000D\000i\000a\000g\000r\000a\000m\000a\000\040\000d\000e\000\040\000a\000t\000i\000v\000i\000d\000a\000d\000e\000s\000\040\000r\000e\000g\000i\000s\000t\000a\000r\000\040\000t\000\351\000c\000n\000i\000c\000o}{section.3.14}% 84
\BOOKMARK [2][-]{subsection.3.14.11}{\376\377\000D\000i\000a\000g\000r\000a\000m\000a\000\040\000d\000e\000\040\000a\000t\000i\000v\000i\000d\000a\000d\000e\000s\000\040\000c\000o\000n\000f\000i\000r\000m\000a\000r\000\040\000c\000o\000n\000t\000a}{section.3.14}% 85
\BOOKMARK [1][-]{section.3.15}{\376\377\000D\000i\000a\000g\000r\000a\000m\000a\000s\000\040\000d\000e\000\040\000e\000s\000t\000a\000d\000o\000s}{chapter.3}% 86
\BOOKMARK [2][-]{subsection.3.15.1}{\376\377\000D\000i\000a\000g\000r\000a\000m\000a\000\040\000d\000e\000\040\000e\000s\000t\000a\000d\000o\000s\000\040\000c\000r\000i\000a\000\347\000\343\000o\000\040\000d\000e\000\040\000t\000\363\000p\000i\000c\000o}{section.3.15}% 87
\BOOKMARK [2][-]{subsection.3.15.2}{\376\377\000D\000i\000a\000g\000r\000a\000m\000a\000\040\000d\000e\000\040\000e\000s\000t\000a\000d\000o\000s\000\040\000r\000e\000s\000p\000o\000n\000d\000e\000r\000\040\000a\000\040\000t\000\363\000p\000i\000c\000o}{section.3.15}% 88
\BOOKMARK [2][-]{subsection.3.15.3}{\376\377\000D\000i\000a\000g\000r\000a\000m\000a\000\040\000d\000e\000\040\000e\000s\000t\000a\000d\000o\000s\000\040\000a\000u\000t\000e\000n\000t\000i\000c\000a\000\347\000\343\000o\000\040\000e\000\040\000v\000a\000l\000i\000d\000a\000\347\000\343\000o\000\040\000d\000e\000\040\000c\000o\000n\000t\000a}{section.3.15}% 89
\BOOKMARK [1][-]{section.3.16}{\376\377\000D\000i\000a\000g\000r\000a\000m\000a\000\040\000d\000e\000\040\000s\000e\000q\000u\000\352\000n\000c\000i\000a}{chapter.3}% 90
\BOOKMARK [2][-]{subsection.3.16.1}{\376\377\000D\000i\000a\000g\000r\000a\000m\000a\000\040\000d\000e\000\040\000s\000e\000q\000u\000\352\000n\000c\000i\000a\000\040\000L\000o\000g\000i\000n\000\040\000e\000\040\000a\000t\000i\000v\000a\000\347\000\343\000o\000\040\000d\000e\000\040\000c\000o\000n\000t\000a}{section.3.16}% 91
\BOOKMARK [2][-]{subsection.3.16.2}{\376\377\000D\000i\000a\000g\000r\000a\000m\000a\000\040\000d\000e\000\040\000s\000e\000q\000u\000\352\000n\000c\000i\000a\000\040\000R\000e\000g\000i\000s\000t\000o\000\040\000e\000\040\000a\000t\000i\000v\000a\000\347\000\343\000o\000\040\000d\000e\000\040\000c\000o\000n\000t\000a}{section.3.16}% 92
\BOOKMARK [2][-]{subsection.3.16.3}{\376\377\000D\000i\000a\000g\000r\000a\000m\000a\000\040\000d\000e\000\040\000s\000e\000q\000u\000\352\000n\000c\000i\000a\000\040\000r\000e\000g\000i\000s\000t\000o\000\040\000d\000e\000\040\000t\000\351\000c\000n\000i\000c\000o\000s}{section.3.16}% 93
\BOOKMARK [0][-]{chapter.4}{\376\377\000A\000r\000q\000u\000i\000t\000e\000t\000u\000r\000a\000\040\000d\000e\000\040\000s\000i\000s\000t\000e\000m\000a}{}% 94
\BOOKMARK [1][-]{section.4.1}{\376\377\000A\000r\000q\000u\000i\000t\000e\000t\000u\000r\000a\000\040\000d\000e\000\040\000f\000u\000n\000c\000i\000o\000n\000a\000l}{chapter.4}% 95
\BOOKMARK [1][-]{section.4.2}{\376\377\000A\000r\000q\000u\000i\000t\000e\000t\000u\000r\000a\000\040\000d\000e\000\040\000c\000o\000m\000p\000o\000n\000e\000n\000t\000e\000s}{chapter.4}% 96
\BOOKMARK [1][-]{section.4.3}{\376\377\000T\000a\000b\000e\000l\000a\000\040\000d\000e\000\040\000e\000n\000d\000p\000o\000i\000n\000t\000s}{chapter.4}% 97
\BOOKMARK [1][-]{section.4.4}{\376\377\000W\000e\000b\000\040\000s\000c\000r\000a\000p\000e\000r}{chapter.4}% 98
\BOOKMARK [1][-]{section.4.5}{\376\377\000f\000a\000l\000a\000r\000\040\000c\000o\000m\000\040\000p\000r\000o\000f\000\040\000s\000o\000b\000r\000e\000\040\000c\000o\000m\000o\000\040\000i\000n\000t\000e\000g\000r\000a\000r\000\040\000i\000s\000t\000o}{chapter.4}% 99
